<?xml version="1.0" encoding="UTF-8"?>
<sld:StyledLayerDescriptor xmlns="http://www.opengis.net/sld" xmlns:sld="http://www.opengis.net/sld" xmlns:ogc="http://www.opengis.net/ogc" xmlns:gml="http://www.opengis.net/gml" version="1.0.0">
  <sld:NamedLayer>
    <sld:Name>IFR_RBT_PEUPL_GGASC_P</sld:Name>
    <sld:NamedStyle>
      <sld:Name/>
    </sld:NamedStyle>
    <sld:UserStyle>
      <sld:Name>Default Styler</sld:Name>
      <sld:FeatureTypeStyle>
        <sld:Name>name</sld:Name>
        <sld:Rule>
          <sld:Name>A3 ou A4, Roche et autres substrats durs infralittoraux ou circalittoraux</sld:Name>
          <ogc:Filter>
            <ogc:And>
              <ogc:PropertyIsEqualTo>
                <ogc:PropertyName>CODE_EUNIS</ogc:PropertyName>
                <ogc:Literal>A3 ou A4</ogc:Literal>
              </ogc:PropertyIsEqualTo>
              <ogc:And>
                <ogc:Or>
                  <ogc:PropertyIsBetween>
                    <ogc:PropertyName>longueur</ogc:PropertyName>
                    <ogc:LowerBoundary>
                      <ogc:Literal>0</ogc:Literal>
                    </ogc:LowerBoundary>
                    <ogc:UpperBoundary>
                      <ogc:Literal>500</ogc:Literal>
                    </ogc:UpperBoundary>
                  </ogc:PropertyIsBetween>
                  <ogc:PropertyIsBetween>
                    <ogc:PropertyName>longueur</ogc:PropertyName>
                    <ogc:LowerBoundary>
                      <ogc:Literal>500</ogc:Literal>
                    </ogc:LowerBoundary>
                    <ogc:UpperBoundary>
                      <ogc:Literal>5000</ogc:Literal>
                    </ogc:UpperBoundary>
                  </ogc:PropertyIsBetween>
                </ogc:Or>
                <ogc:Or>
                  <ogc:PropertyIsEqualTo>
                    <ogc:PropertyName>departement</ogc:PropertyName>
                    <ogc:Literal>Ain</ogc:Literal>
                  </ogc:PropertyIsEqualTo>
                </ogc:Or>
                <ogc:Or>
                  <ogc:PropertyIsBetween>
                    <ogc:PropertyName>date_renovation</ogc:PropertyName>
                    <ogc:LowerBoundary>
                      <ogc:Literal>2015-07-01</ogc:Literal>
                    </ogc:LowerBoundary>
                    <ogc:UpperBoundary>
                      <ogc:Literal>2015-08-31</ogc:Literal>
                    </ogc:UpperBoundary>
                  </ogc:PropertyIsBetween>
                  <ogc:PropertyIsBetween>
                    <ogc:PropertyName>date_renovation</ogc:PropertyName>
                    <ogc:LowerBoundary>
                      <ogc:Literal>2014-07-01</ogc:Literal>
                    </ogc:LowerBoundary>
                    <ogc:UpperBoundary>
                      <ogc:Literal>2014-08-31</ogc:Literal>
                    </ogc:UpperBoundary>
                  </ogc:PropertyIsBetween>
                </ogc:Or>
              </ogc:And>
            </ogc:And>
          </ogc:Filter>
          <sld:MinScaleDenominator>25000.0</sld:MinScaleDenominator>
          <sld:MaxScaleDenominator>1.0E7</sld:MaxScaleDenominator>
          <sld:PolygonSymbolizer>
            <sld:Fill>
              <sld:CssParameter name="fill">#666666</sld:CssParameter>
            </sld:Fill>
          </sld:PolygonSymbolizer>
        </sld:Rule>
        <sld:Rule>
          <sld:Name>A2 x A1, Sédiment et/ou Roche et autres substrats durs intertidaux</sld:Name>
          <ogc:Filter>
            <ogc:And>
              <ogc:PropertyIsEqualTo>
                <ogc:PropertyName>CODE_EUNIS</ogc:PropertyName>
                <ogc:Literal>A2 x A1</ogc:Literal>
              </ogc:PropertyIsEqualTo>
              <ogc:And>
                <ogc:Or>
                  <ogc:PropertyIsBetween>
                    <ogc:PropertyName>longueur</ogc:PropertyName>
                    <ogc:LowerBoundary>
                      <ogc:Literal>0</ogc:Literal>
                    </ogc:LowerBoundary>
                    <ogc:UpperBoundary>
                      <ogc:Literal>500</ogc:Literal>
                    </ogc:UpperBoundary>
                  </ogc:PropertyIsBetween>
                  <ogc:PropertyIsBetween>
                    <ogc:PropertyName>longueur</ogc:PropertyName>
                    <ogc:LowerBoundary>
                      <ogc:Literal>500</ogc:Literal>
                    </ogc:LowerBoundary>
                    <ogc:UpperBoundary>
                      <ogc:Literal>5000</ogc:Literal>
                    </ogc:UpperBoundary>
                  </ogc:PropertyIsBetween>
                </ogc:Or>
                <ogc:Or>
                  <ogc:PropertyIsEqualTo>
                    <ogc:PropertyName>departement</ogc:PropertyName>
                    <ogc:Literal>Ain</ogc:Literal>
                  </ogc:PropertyIsEqualTo>
                </ogc:Or>
                <ogc:Or>
                  <ogc:PropertyIsBetween>
                    <ogc:PropertyName>date_renovation</ogc:PropertyName>
                    <ogc:LowerBoundary>
                      <ogc:Literal>2015-07-01</ogc:Literal>
                    </ogc:LowerBoundary>
                    <ogc:UpperBoundary>
                      <ogc:Literal>2015-08-31</ogc:Literal>
                    </ogc:UpperBoundary>
                  </ogc:PropertyIsBetween>
                  <ogc:PropertyIsBetween>
                    <ogc:PropertyName>date_renovation</ogc:PropertyName>
                    <ogc:LowerBoundary>
                      <ogc:Literal>2014-07-01</ogc:Literal>
                    </ogc:LowerBoundary>
                    <ogc:UpperBoundary>
                      <ogc:Literal>2014-08-31</ogc:Literal>
                    </ogc:UpperBoundary>
                  </ogc:PropertyIsBetween>
                </ogc:Or>
              </ogc:And>
            </ogc:And>
          </ogc:Filter>
          <sld:MinScaleDenominator>25000.0</sld:MinScaleDenominator>
          <sld:MaxScaleDenominator>1.0E7</sld:MaxScaleDenominator>
          <sld:PolygonSymbolizer>
            <sld:Fill>
              <sld:CssParameter name="fill">#ffebaf</sld:CssParameter>
            </sld:Fill>
          </sld:PolygonSymbolizer>
          <sld:PolygonSymbolizer>
            <sld:Fill>
              <sld:CssParameter name="fill">#9c9c9c</sld:CssParameter>
            </sld:Fill>
          </sld:PolygonSymbolizer>
        </sld:Rule>
        <sld:Rule>
          <sld:Name>A2, Sédiment intertidal</sld:Name>
          <ogc:Filter>
            <ogc:And>
              <ogc:PropertyIsEqualTo>
                <ogc:PropertyName>CODE_EUNIS</ogc:PropertyName>
                <ogc:Literal>A2</ogc:Literal>
              </ogc:PropertyIsEqualTo>
              <ogc:And>
                <ogc:Or>
                  <ogc:PropertyIsBetween>
                    <ogc:PropertyName>longueur</ogc:PropertyName>
                    <ogc:LowerBoundary>
                      <ogc:Literal>0</ogc:Literal>
                    </ogc:LowerBoundary>
                    <ogc:UpperBoundary>
                      <ogc:Literal>500</ogc:Literal>
                    </ogc:UpperBoundary>
                  </ogc:PropertyIsBetween>
                  <ogc:PropertyIsBetween>
                    <ogc:PropertyName>longueur</ogc:PropertyName>
                    <ogc:LowerBoundary>
                      <ogc:Literal>500</ogc:Literal>
                    </ogc:LowerBoundary>
                    <ogc:UpperBoundary>
                      <ogc:Literal>5000</ogc:Literal>
                    </ogc:UpperBoundary>
                  </ogc:PropertyIsBetween>
                </ogc:Or>
                <ogc:Or>
                  <ogc:PropertyIsEqualTo>
                    <ogc:PropertyName>departement</ogc:PropertyName>
                    <ogc:Literal>Ain</ogc:Literal>
                  </ogc:PropertyIsEqualTo>
                </ogc:Or>
                <ogc:Or>
                  <ogc:PropertyIsBetween>
                    <ogc:PropertyName>date_renovation</ogc:PropertyName>
                    <ogc:LowerBoundary>
                      <ogc:Literal>2015-07-01</ogc:Literal>
                    </ogc:LowerBoundary>
                    <ogc:UpperBoundary>
                      <ogc:Literal>2015-08-31</ogc:Literal>
                    </ogc:UpperBoundary>
                  </ogc:PropertyIsBetween>
                  <ogc:PropertyIsBetween>
                    <ogc:PropertyName>date_renovation</ogc:PropertyName>
                    <ogc:LowerBoundary>
                      <ogc:Literal>2014-07-01</ogc:Literal>
                    </ogc:LowerBoundary>
                    <ogc:UpperBoundary>
                      <ogc:Literal>2014-08-31</ogc:Literal>
                    </ogc:UpperBoundary>
                  </ogc:PropertyIsBetween>
                </ogc:Or>
              </ogc:And>
            </ogc:And>
          </ogc:Filter>
          <sld:MinScaleDenominator>25000.0</sld:MinScaleDenominator>
          <sld:MaxScaleDenominator>1.0E7</sld:MaxScaleDenominator>
          <sld:PolygonSymbolizer>
            <sld:Fill>
              <sld:CssParameter name="fill">#ffebaf</sld:CssParameter>
            </sld:Fill>
          </sld:PolygonSymbolizer>
        </sld:Rule>
        <sld:Rule>
          <sld:Name>A5, Sédiment subtidal</sld:Name>
          <ogc:Filter>
            <ogc:And>
              <ogc:PropertyIsEqualTo>
                <ogc:PropertyName>CODE_EUNIS</ogc:PropertyName>
                <ogc:Literal>A5</ogc:Literal>
              </ogc:PropertyIsEqualTo>
              <ogc:And>
                <ogc:Or>
                  <ogc:PropertyIsBetween>
                    <ogc:PropertyName>longueur</ogc:PropertyName>
                    <ogc:LowerBoundary>
                      <ogc:Literal>0</ogc:Literal>
                    </ogc:LowerBoundary>
                    <ogc:UpperBoundary>
                      <ogc:Literal>500</ogc:Literal>
                    </ogc:UpperBoundary>
                  </ogc:PropertyIsBetween>
                  <ogc:PropertyIsBetween>
                    <ogc:PropertyName>longueur</ogc:PropertyName>
                    <ogc:LowerBoundary>
                      <ogc:Literal>500</ogc:Literal>
                    </ogc:LowerBoundary>
                    <ogc:UpperBoundary>
                      <ogc:Literal>5000</ogc:Literal>
                    </ogc:UpperBoundary>
                  </ogc:PropertyIsBetween>
                </ogc:Or>
                <ogc:Or>
                  <ogc:PropertyIsEqualTo>
                    <ogc:PropertyName>departement</ogc:PropertyName>
                    <ogc:Literal>Ain</ogc:Literal>
                  </ogc:PropertyIsEqualTo>
                </ogc:Or>
                <ogc:Or>
                  <ogc:PropertyIsBetween>
                    <ogc:PropertyName>date_renovation</ogc:PropertyName>
                    <ogc:LowerBoundary>
                      <ogc:Literal>2015-07-01</ogc:Literal>
                    </ogc:LowerBoundary>
                    <ogc:UpperBoundary>
                      <ogc:Literal>2015-08-31</ogc:Literal>
                    </ogc:UpperBoundary>
                  </ogc:PropertyIsBetween>
                  <ogc:PropertyIsBetween>
                    <ogc:PropertyName>date_renovation</ogc:PropertyName>
                    <ogc:LowerBoundary>
                      <ogc:Literal>2014-07-01</ogc:Literal>
                    </ogc:LowerBoundary>
                    <ogc:UpperBoundary>
                      <ogc:Literal>2014-08-31</ogc:Literal>
                    </ogc:UpperBoundary>
                  </ogc:PropertyIsBetween>
                </ogc:Or>
              </ogc:And>
            </ogc:And>
          </ogc:Filter>
          <sld:MinScaleDenominator>25000.0</sld:MinScaleDenominator>
          <sld:MaxScaleDenominator>1.0E7</sld:MaxScaleDenominator>
          <sld:PolygonSymbolizer>
            <sld:Fill>
              <sld:CssParameter name="fill">#ffd37f</sld:CssParameter>
            </sld:Fill>
          </sld:PolygonSymbolizer>
        </sld:Rule>
        <sld:Rule>
          <sld:Name>A2 ou A5, Sédiment intertidal ou subtidal</sld:Name>
          <ogc:Filter>
            <ogc:And>
              <ogc:PropertyIsEqualTo>
                <ogc:PropertyName>CODE_EUNIS</ogc:PropertyName>
                <ogc:Literal>A2 ou A5</ogc:Literal>
              </ogc:PropertyIsEqualTo>
              <ogc:And>
                <ogc:Or>
                  <ogc:PropertyIsBetween>
                    <ogc:PropertyName>longueur</ogc:PropertyName>
                    <ogc:LowerBoundary>
                      <ogc:Literal>0</ogc:Literal>
                    </ogc:LowerBoundary>
                    <ogc:UpperBoundary>
                      <ogc:Literal>500</ogc:Literal>
                    </ogc:UpperBoundary>
                  </ogc:PropertyIsBetween>
                  <ogc:PropertyIsBetween>
                    <ogc:PropertyName>longueur</ogc:PropertyName>
                    <ogc:LowerBoundary>
                      <ogc:Literal>500</ogc:Literal>
                    </ogc:LowerBoundary>
                    <ogc:UpperBoundary>
                      <ogc:Literal>5000</ogc:Literal>
                    </ogc:UpperBoundary>
                  </ogc:PropertyIsBetween>
                </ogc:Or>
                <ogc:Or>
                  <ogc:PropertyIsEqualTo>
                    <ogc:PropertyName>departement</ogc:PropertyName>
                    <ogc:Literal>Ain</ogc:Literal>
                  </ogc:PropertyIsEqualTo>
                </ogc:Or>
                <ogc:Or>
                  <ogc:PropertyIsBetween>
                    <ogc:PropertyName>date_renovation</ogc:PropertyName>
                    <ogc:LowerBoundary>
                      <ogc:Literal>2015-07-01</ogc:Literal>
                    </ogc:LowerBoundary>
                    <ogc:UpperBoundary>
                      <ogc:Literal>2015-08-31</ogc:Literal>
                    </ogc:UpperBoundary>
                  </ogc:PropertyIsBetween>
                  <ogc:PropertyIsBetween>
                    <ogc:PropertyName>date_renovation</ogc:PropertyName>
                    <ogc:LowerBoundary>
                      <ogc:Literal>2014-07-01</ogc:Literal>
                    </ogc:LowerBoundary>
                    <ogc:UpperBoundary>
                      <ogc:Literal>2014-08-31</ogc:Literal>
                    </ogc:UpperBoundary>
                  </ogc:PropertyIsBetween>
                </ogc:Or>
              </ogc:And>
            </ogc:And>
          </ogc:Filter>
          <sld:MinScaleDenominator>25000.0</sld:MinScaleDenominator>
          <sld:MaxScaleDenominator>1.0E7</sld:MaxScaleDenominator>
          <sld:PolygonSymbolizer>
            <sld:Fill>
              <sld:CssParameter name="fill">#ffebaf</sld:CssParameter>
            </sld:Fill>
          </sld:PolygonSymbolizer>
          <sld:PolygonSymbolizer>
            <sld:Fill>
              <sld:CssParameter name="fill">#897044</sld:CssParameter>
            </sld:Fill>
          </sld:PolygonSymbolizer>
        </sld:Rule>
        <sld:Rule>
          <sld:Name>A5.12_FR01, Gravier propre infralittoral à [Dosinia exoleta]</sld:Name>
          <ogc:Filter>
            <ogc:And>
              <ogc:PropertyIsEqualTo>
                <ogc:PropertyName>CODE_EUNIS</ogc:PropertyName>
                <ogc:Literal>A5.12_FR01</ogc:Literal>
              </ogc:PropertyIsEqualTo>
              <ogc:And>
                <ogc:Or>
                  <ogc:PropertyIsBetween>
                    <ogc:PropertyName>longueur</ogc:PropertyName>
                    <ogc:LowerBoundary>
                      <ogc:Literal>0</ogc:Literal>
                    </ogc:LowerBoundary>
                    <ogc:UpperBoundary>
                      <ogc:Literal>500</ogc:Literal>
                    </ogc:UpperBoundary>
                  </ogc:PropertyIsBetween>
                  <ogc:PropertyIsBetween>
                    <ogc:PropertyName>longueur</ogc:PropertyName>
                    <ogc:LowerBoundary>
                      <ogc:Literal>500</ogc:Literal>
                    </ogc:LowerBoundary>
                    <ogc:UpperBoundary>
                      <ogc:Literal>5000</ogc:Literal>
                    </ogc:UpperBoundary>
                  </ogc:PropertyIsBetween>
                </ogc:Or>
                <ogc:Or>
                  <ogc:PropertyIsEqualTo>
                    <ogc:PropertyName>departement</ogc:PropertyName>
                    <ogc:Literal>Ain</ogc:Literal>
                  </ogc:PropertyIsEqualTo>
                </ogc:Or>
                <ogc:Or>
                  <ogc:PropertyIsBetween>
                    <ogc:PropertyName>date_renovation</ogc:PropertyName>
                    <ogc:LowerBoundary>
                      <ogc:Literal>2015-07-01</ogc:Literal>
                    </ogc:LowerBoundary>
                    <ogc:UpperBoundary>
                      <ogc:Literal>2015-08-31</ogc:Literal>
                    </ogc:UpperBoundary>
                  </ogc:PropertyIsBetween>
                  <ogc:PropertyIsBetween>
                    <ogc:PropertyName>date_renovation</ogc:PropertyName>
                    <ogc:LowerBoundary>
                      <ogc:Literal>2014-07-01</ogc:Literal>
                    </ogc:LowerBoundary>
                    <ogc:UpperBoundary>
                      <ogc:Literal>2014-08-31</ogc:Literal>
                    </ogc:UpperBoundary>
                  </ogc:PropertyIsBetween>
                </ogc:Or>
              </ogc:And>
            </ogc:And>
          </ogc:Filter>
          <sld:MinScaleDenominator>25000.0</sld:MinScaleDenominator>
          <sld:MaxScaleDenominator>1.0E7</sld:MaxScaleDenominator>
          <sld:PolygonSymbolizer>
            <sld:Fill>
              <sld:CssParameter name="fill">#ff7f7f</sld:CssParameter>
            </sld:Fill>
          </sld:PolygonSymbolizer>
        </sld:Rule>
        <sld:Rule>
          <sld:Name>A5.43_FR01, Gravier envasé infralittoral à [Dosinia exoleta] et [Venus verrucosa]</sld:Name>
          <ogc:Filter>
            <ogc:And>
              <ogc:PropertyIsEqualTo>
                <ogc:PropertyName>CODE_EUNIS</ogc:PropertyName>
                <ogc:Literal>A5.43_FR01</ogc:Literal>
              </ogc:PropertyIsEqualTo>
              <ogc:And>
                <ogc:Or>
                  <ogc:PropertyIsBetween>
                    <ogc:PropertyName>longueur</ogc:PropertyName>
                    <ogc:LowerBoundary>
                      <ogc:Literal>0</ogc:Literal>
                    </ogc:LowerBoundary>
                    <ogc:UpperBoundary>
                      <ogc:Literal>500</ogc:Literal>
                    </ogc:UpperBoundary>
                  </ogc:PropertyIsBetween>
                  <ogc:PropertyIsBetween>
                    <ogc:PropertyName>longueur</ogc:PropertyName>
                    <ogc:LowerBoundary>
                      <ogc:Literal>500</ogc:Literal>
                    </ogc:LowerBoundary>
                    <ogc:UpperBoundary>
                      <ogc:Literal>5000</ogc:Literal>
                    </ogc:UpperBoundary>
                  </ogc:PropertyIsBetween>
                </ogc:Or>
                <ogc:Or>
                  <ogc:PropertyIsEqualTo>
                    <ogc:PropertyName>departement</ogc:PropertyName>
                    <ogc:Literal>Ain</ogc:Literal>
                  </ogc:PropertyIsEqualTo>
                </ogc:Or>
                <ogc:Or>
                  <ogc:PropertyIsBetween>
                    <ogc:PropertyName>date_renovation</ogc:PropertyName>
                    <ogc:LowerBoundary>
                      <ogc:Literal>2015-07-01</ogc:Literal>
                    </ogc:LowerBoundary>
                    <ogc:UpperBoundary>
                      <ogc:Literal>2015-08-31</ogc:Literal>
                    </ogc:UpperBoundary>
                  </ogc:PropertyIsBetween>
                  <ogc:PropertyIsBetween>
                    <ogc:PropertyName>date_renovation</ogc:PropertyName>
                    <ogc:LowerBoundary>
                      <ogc:Literal>2014-07-01</ogc:Literal>
                    </ogc:LowerBoundary>
                    <ogc:UpperBoundary>
                      <ogc:Literal>2014-08-31</ogc:Literal>
                    </ogc:UpperBoundary>
                  </ogc:PropertyIsBetween>
                </ogc:Or>
              </ogc:And>
            </ogc:And>
          </ogc:Filter>
          <sld:MinScaleDenominator>25000.0</sld:MinScaleDenominator>
          <sld:MaxScaleDenominator>1.0E7</sld:MaxScaleDenominator>
          <sld:PolygonSymbolizer>
            <sld:Fill>
              <sld:CssParameter name="fill">#ffa37f</sld:CssParameter>
            </sld:Fill>
          </sld:PolygonSymbolizer>
        </sld:Rule>
        <sld:Rule>
          <sld:Name>A5.51, Banc de maerl</sld:Name>
          <ogc:Filter>
            <ogc:And>
              <ogc:PropertyIsEqualTo>
                <ogc:PropertyName>CODE_EUNIS</ogc:PropertyName>
                <ogc:Literal>A5.51</ogc:Literal>
              </ogc:PropertyIsEqualTo>
              <ogc:And>
                <ogc:Or>
                  <ogc:PropertyIsBetween>
                    <ogc:PropertyName>longueur</ogc:PropertyName>
                    <ogc:LowerBoundary>
                      <ogc:Literal>0</ogc:Literal>
                    </ogc:LowerBoundary>
                    <ogc:UpperBoundary>
                      <ogc:Literal>500</ogc:Literal>
                    </ogc:UpperBoundary>
                  </ogc:PropertyIsBetween>
                  <ogc:PropertyIsBetween>
                    <ogc:PropertyName>longueur</ogc:PropertyName>
                    <ogc:LowerBoundary>
                      <ogc:Literal>500</ogc:Literal>
                    </ogc:LowerBoundary>
                    <ogc:UpperBoundary>
                      <ogc:Literal>5000</ogc:Literal>
                    </ogc:UpperBoundary>
                  </ogc:PropertyIsBetween>
                </ogc:Or>
                <ogc:Or>
                  <ogc:PropertyIsEqualTo>
                    <ogc:PropertyName>departement</ogc:PropertyName>
                    <ogc:Literal>Ain</ogc:Literal>
                  </ogc:PropertyIsEqualTo>
                </ogc:Or>
                <ogc:Or>
                  <ogc:PropertyIsBetween>
                    <ogc:PropertyName>date_renovation</ogc:PropertyName>
                    <ogc:LowerBoundary>
                      <ogc:Literal>2015-07-01</ogc:Literal>
                    </ogc:LowerBoundary>
                    <ogc:UpperBoundary>
                      <ogc:Literal>2015-08-31</ogc:Literal>
                    </ogc:UpperBoundary>
                  </ogc:PropertyIsBetween>
                  <ogc:PropertyIsBetween>
                    <ogc:PropertyName>date_renovation</ogc:PropertyName>
                    <ogc:LowerBoundary>
                      <ogc:Literal>2014-07-01</ogc:Literal>
                    </ogc:LowerBoundary>
                    <ogc:UpperBoundary>
                      <ogc:Literal>2014-08-31</ogc:Literal>
                    </ogc:UpperBoundary>
                  </ogc:PropertyIsBetween>
                </ogc:Or>
              </ogc:And>
            </ogc:And>
          </ogc:Filter>
          <sld:MinScaleDenominator>25000.0</sld:MinScaleDenominator>
          <sld:MaxScaleDenominator>1.0E7</sld:MaxScaleDenominator>
          <sld:PolygonSymbolizer>
            <sld:Fill>
              <sld:CssParameter name="fill">#a900e6</sld:CssParameter>
            </sld:Fill>
          </sld:PolygonSymbolizer>
        </sld:Rule>
        <sld:Rule>
          <sld:Name>A5.44_FR01, Gravier envasé circalittoral côtier à [Pista cristata] et [Timoclea ovata]</sld:Name>
          <ogc:Filter>
            <ogc:And>
              <ogc:PropertyIsEqualTo>
                <ogc:PropertyName>CODE_EUNIS</ogc:PropertyName>
                <ogc:Literal>A5.44_FR01</ogc:Literal>
              </ogc:PropertyIsEqualTo>
              <ogc:And>
                <ogc:Or>
                  <ogc:PropertyIsBetween>
                    <ogc:PropertyName>longueur</ogc:PropertyName>
                    <ogc:LowerBoundary>
                      <ogc:Literal>0</ogc:Literal>
                    </ogc:LowerBoundary>
                    <ogc:UpperBoundary>
                      <ogc:Literal>500</ogc:Literal>
                    </ogc:UpperBoundary>
                  </ogc:PropertyIsBetween>
                  <ogc:PropertyIsBetween>
                    <ogc:PropertyName>longueur</ogc:PropertyName>
                    <ogc:LowerBoundary>
                      <ogc:Literal>500</ogc:Literal>
                    </ogc:LowerBoundary>
                    <ogc:UpperBoundary>
                      <ogc:Literal>5000</ogc:Literal>
                    </ogc:UpperBoundary>
                  </ogc:PropertyIsBetween>
                </ogc:Or>
                <ogc:Or>
                  <ogc:PropertyIsEqualTo>
                    <ogc:PropertyName>departement</ogc:PropertyName>
                    <ogc:Literal>Ain</ogc:Literal>
                  </ogc:PropertyIsEqualTo>
                </ogc:Or>
                <ogc:Or>
                  <ogc:PropertyIsBetween>
                    <ogc:PropertyName>date_renovation</ogc:PropertyName>
                    <ogc:LowerBoundary>
                      <ogc:Literal>2015-07-01</ogc:Literal>
                    </ogc:LowerBoundary>
                    <ogc:UpperBoundary>
                      <ogc:Literal>2015-08-31</ogc:Literal>
                    </ogc:UpperBoundary>
                  </ogc:PropertyIsBetween>
                  <ogc:PropertyIsBetween>
                    <ogc:PropertyName>date_renovation</ogc:PropertyName>
                    <ogc:LowerBoundary>
                      <ogc:Literal>2014-07-01</ogc:Literal>
                    </ogc:LowerBoundary>
                    <ogc:UpperBoundary>
                      <ogc:Literal>2014-08-31</ogc:Literal>
                    </ogc:UpperBoundary>
                  </ogc:PropertyIsBetween>
                </ogc:Or>
              </ogc:And>
            </ogc:And>
          </ogc:Filter>
          <sld:MinScaleDenominator>25000.0</sld:MinScaleDenominator>
          <sld:MaxScaleDenominator>1.0E7</sld:MaxScaleDenominator>
          <sld:PolygonSymbolizer>
            <sld:Fill>
              <sld:CssParameter name="fill">#e59185</sld:CssParameter>
            </sld:Fill>
          </sld:PolygonSymbolizer>
        </sld:Rule>
        <sld:Rule>
          <sld:Name>A5.14_FR01, Gravier circalittoral profond à [Astarte sulcata] et [Venus casina]</sld:Name>
          <ogc:Filter>
            <ogc:And>
              <ogc:PropertyIsEqualTo>
                <ogc:PropertyName>CODE_EUNIS</ogc:PropertyName>
                <ogc:Literal>A5.14_FR01</ogc:Literal>
              </ogc:PropertyIsEqualTo>
              <ogc:And>
                <ogc:Or>
                  <ogc:PropertyIsBetween>
                    <ogc:PropertyName>longueur</ogc:PropertyName>
                    <ogc:LowerBoundary>
                      <ogc:Literal>0</ogc:Literal>
                    </ogc:LowerBoundary>
                    <ogc:UpperBoundary>
                      <ogc:Literal>500</ogc:Literal>
                    </ogc:UpperBoundary>
                  </ogc:PropertyIsBetween>
                  <ogc:PropertyIsBetween>
                    <ogc:PropertyName>longueur</ogc:PropertyName>
                    <ogc:LowerBoundary>
                      <ogc:Literal>500</ogc:Literal>
                    </ogc:LowerBoundary>
                    <ogc:UpperBoundary>
                      <ogc:Literal>5000</ogc:Literal>
                    </ogc:UpperBoundary>
                  </ogc:PropertyIsBetween>
                </ogc:Or>
                <ogc:Or>
                  <ogc:PropertyIsEqualTo>
                    <ogc:PropertyName>departement</ogc:PropertyName>
                    <ogc:Literal>Ain</ogc:Literal>
                  </ogc:PropertyIsEqualTo>
                </ogc:Or>
                <ogc:Or>
                  <ogc:PropertyIsBetween>
                    <ogc:PropertyName>date_renovation</ogc:PropertyName>
                    <ogc:LowerBoundary>
                      <ogc:Literal>2015-07-01</ogc:Literal>
                    </ogc:LowerBoundary>
                    <ogc:UpperBoundary>
                      <ogc:Literal>2015-08-31</ogc:Literal>
                    </ogc:UpperBoundary>
                  </ogc:PropertyIsBetween>
                  <ogc:PropertyIsBetween>
                    <ogc:PropertyName>date_renovation</ogc:PropertyName>
                    <ogc:LowerBoundary>
                      <ogc:Literal>2014-07-01</ogc:Literal>
                    </ogc:LowerBoundary>
                    <ogc:UpperBoundary>
                      <ogc:Literal>2014-08-31</ogc:Literal>
                    </ogc:UpperBoundary>
                  </ogc:PropertyIsBetween>
                </ogc:Or>
              </ogc:And>
            </ogc:And>
          </ogc:Filter>
          <sld:MinScaleDenominator>25000.0</sld:MinScaleDenominator>
          <sld:MaxScaleDenominator>1.0E7</sld:MaxScaleDenominator>
          <sld:PolygonSymbolizer>
            <sld:Fill>
              <sld:CssParameter name="fill">#b87f7f</sld:CssParameter>
            </sld:Fill>
          </sld:PolygonSymbolizer>
        </sld:Rule>
        <sld:Rule>
          <sld:Name>A5.12_FR02, Sable grossier infralittoral à [Donax politus] et [Callista chione]</sld:Name>
          <ogc:Filter>
            <ogc:And>
              <ogc:PropertyIsEqualTo>
                <ogc:PropertyName>CODE_EUNIS</ogc:PropertyName>
                <ogc:Literal>A5.12_FR02</ogc:Literal>
              </ogc:PropertyIsEqualTo>
              <ogc:And>
                <ogc:Or>
                  <ogc:PropertyIsBetween>
                    <ogc:PropertyName>longueur</ogc:PropertyName>
                    <ogc:LowerBoundary>
                      <ogc:Literal>0</ogc:Literal>
                    </ogc:LowerBoundary>
                    <ogc:UpperBoundary>
                      <ogc:Literal>500</ogc:Literal>
                    </ogc:UpperBoundary>
                  </ogc:PropertyIsBetween>
                  <ogc:PropertyIsBetween>
                    <ogc:PropertyName>longueur</ogc:PropertyName>
                    <ogc:LowerBoundary>
                      <ogc:Literal>500</ogc:Literal>
                    </ogc:LowerBoundary>
                    <ogc:UpperBoundary>
                      <ogc:Literal>5000</ogc:Literal>
                    </ogc:UpperBoundary>
                  </ogc:PropertyIsBetween>
                </ogc:Or>
                <ogc:Or>
                  <ogc:PropertyIsEqualTo>
                    <ogc:PropertyName>departement</ogc:PropertyName>
                    <ogc:Literal>Ain</ogc:Literal>
                  </ogc:PropertyIsEqualTo>
                </ogc:Or>
                <ogc:Or>
                  <ogc:PropertyIsBetween>
                    <ogc:PropertyName>date_renovation</ogc:PropertyName>
                    <ogc:LowerBoundary>
                      <ogc:Literal>2015-07-01</ogc:Literal>
                    </ogc:LowerBoundary>
                    <ogc:UpperBoundary>
                      <ogc:Literal>2015-08-31</ogc:Literal>
                    </ogc:UpperBoundary>
                  </ogc:PropertyIsBetween>
                  <ogc:PropertyIsBetween>
                    <ogc:PropertyName>date_renovation</ogc:PropertyName>
                    <ogc:LowerBoundary>
                      <ogc:Literal>2014-07-01</ogc:Literal>
                    </ogc:LowerBoundary>
                    <ogc:UpperBoundary>
                      <ogc:Literal>2014-08-31</ogc:Literal>
                    </ogc:UpperBoundary>
                  </ogc:PropertyIsBetween>
                </ogc:Or>
              </ogc:And>
            </ogc:And>
          </ogc:Filter>
          <sld:MinScaleDenominator>25000.0</sld:MinScaleDenominator>
          <sld:MaxScaleDenominator>1.0E7</sld:MaxScaleDenominator>
          <sld:PolygonSymbolizer>
            <sld:Fill>
              <sld:CssParameter name="fill">#ffd200</sld:CssParameter>
            </sld:Fill>
          </sld:PolygonSymbolizer>
        </sld:Rule>
        <sld:Rule>
          <sld:Name>A5.135, Sédiment grossier sablo-graveleux à [Clausinella fasciata] et [Branchiostoma lanceolatum]</sld:Name>
          <ogc:Filter>
            <ogc:And>
              <ogc:PropertyIsEqualTo>
                <ogc:PropertyName>CODE_EUNIS</ogc:PropertyName>
                <ogc:Literal>A5.135</ogc:Literal>
              </ogc:PropertyIsEqualTo>
              <ogc:And>
                <ogc:Or>
                  <ogc:PropertyIsBetween>
                    <ogc:PropertyName>longueur</ogc:PropertyName>
                    <ogc:LowerBoundary>
                      <ogc:Literal>0</ogc:Literal>
                    </ogc:LowerBoundary>
                    <ogc:UpperBoundary>
                      <ogc:Literal>500</ogc:Literal>
                    </ogc:UpperBoundary>
                  </ogc:PropertyIsBetween>
                  <ogc:PropertyIsBetween>
                    <ogc:PropertyName>longueur</ogc:PropertyName>
                    <ogc:LowerBoundary>
                      <ogc:Literal>500</ogc:Literal>
                    </ogc:LowerBoundary>
                    <ogc:UpperBoundary>
                      <ogc:Literal>5000</ogc:Literal>
                    </ogc:UpperBoundary>
                  </ogc:PropertyIsBetween>
                </ogc:Or>
                <ogc:Or>
                  <ogc:PropertyIsEqualTo>
                    <ogc:PropertyName>departement</ogc:PropertyName>
                    <ogc:Literal>Ain</ogc:Literal>
                  </ogc:PropertyIsEqualTo>
                </ogc:Or>
                <ogc:Or>
                  <ogc:PropertyIsBetween>
                    <ogc:PropertyName>date_renovation</ogc:PropertyName>
                    <ogc:LowerBoundary>
                      <ogc:Literal>2015-07-01</ogc:Literal>
                    </ogc:LowerBoundary>
                    <ogc:UpperBoundary>
                      <ogc:Literal>2015-08-31</ogc:Literal>
                    </ogc:UpperBoundary>
                  </ogc:PropertyIsBetween>
                  <ogc:PropertyIsBetween>
                    <ogc:PropertyName>date_renovation</ogc:PropertyName>
                    <ogc:LowerBoundary>
                      <ogc:Literal>2014-07-01</ogc:Literal>
                    </ogc:LowerBoundary>
                    <ogc:UpperBoundary>
                      <ogc:Literal>2014-08-31</ogc:Literal>
                    </ogc:UpperBoundary>
                  </ogc:PropertyIsBetween>
                </ogc:Or>
              </ogc:And>
            </ogc:And>
          </ogc:Filter>
          <sld:MinScaleDenominator>25000.0</sld:MinScaleDenominator>
          <sld:MaxScaleDenominator>1.0E7</sld:MaxScaleDenominator>
          <sld:PolygonSymbolizer>
            <sld:Fill>
              <sld:CssParameter name="fill">#fcef07</sld:CssParameter>
            </sld:Fill>
          </sld:PolygonSymbolizer>
        </sld:Rule>
        <sld:Rule>
          <sld:Name>A5.43_FR02, Hétérogène envasé infralittoral à |Nucula nucleus]</sld:Name>
          <ogc:Filter>
            <ogc:And>
              <ogc:PropertyIsEqualTo>
                <ogc:PropertyName>CODE_EUNIS</ogc:PropertyName>
                <ogc:Literal>A5.43_FR02</ogc:Literal>
              </ogc:PropertyIsEqualTo>
              <ogc:And>
                <ogc:Or>
                  <ogc:PropertyIsBetween>
                    <ogc:PropertyName>longueur</ogc:PropertyName>
                    <ogc:LowerBoundary>
                      <ogc:Literal>0</ogc:Literal>
                    </ogc:LowerBoundary>
                    <ogc:UpperBoundary>
                      <ogc:Literal>500</ogc:Literal>
                    </ogc:UpperBoundary>
                  </ogc:PropertyIsBetween>
                  <ogc:PropertyIsBetween>
                    <ogc:PropertyName>longueur</ogc:PropertyName>
                    <ogc:LowerBoundary>
                      <ogc:Literal>500</ogc:Literal>
                    </ogc:LowerBoundary>
                    <ogc:UpperBoundary>
                      <ogc:Literal>5000</ogc:Literal>
                    </ogc:UpperBoundary>
                  </ogc:PropertyIsBetween>
                </ogc:Or>
                <ogc:Or>
                  <ogc:PropertyIsEqualTo>
                    <ogc:PropertyName>departement</ogc:PropertyName>
                    <ogc:Literal>Ain</ogc:Literal>
                  </ogc:PropertyIsEqualTo>
                </ogc:Or>
                <ogc:Or>
                  <ogc:PropertyIsBetween>
                    <ogc:PropertyName>date_renovation</ogc:PropertyName>
                    <ogc:LowerBoundary>
                      <ogc:Literal>2015-07-01</ogc:Literal>
                    </ogc:LowerBoundary>
                    <ogc:UpperBoundary>
                      <ogc:Literal>2015-08-31</ogc:Literal>
                    </ogc:UpperBoundary>
                  </ogc:PropertyIsBetween>
                  <ogc:PropertyIsBetween>
                    <ogc:PropertyName>date_renovation</ogc:PropertyName>
                    <ogc:LowerBoundary>
                      <ogc:Literal>2014-07-01</ogc:Literal>
                    </ogc:LowerBoundary>
                    <ogc:UpperBoundary>
                      <ogc:Literal>2014-08-31</ogc:Literal>
                    </ogc:UpperBoundary>
                  </ogc:PropertyIsBetween>
                </ogc:Or>
              </ogc:And>
            </ogc:And>
          </ogc:Filter>
          <sld:MinScaleDenominator>25000.0</sld:MinScaleDenominator>
          <sld:MaxScaleDenominator>1.0E7</sld:MaxScaleDenominator>
          <sld:PolygonSymbolizer>
            <sld:Fill>
              <sld:CssParameter name="fill">#ffaa00</sld:CssParameter>
            </sld:Fill>
          </sld:PolygonSymbolizer>
        </sld:Rule>
        <sld:Rule>
          <sld:Name>A5.45_FR01, Sable hétérogène envasé circalittoral profond à [Nucula nucleus], [Pitar rudis] et  [Amphiura chiajei]</sld:Name>
          <ogc:Filter>
            <ogc:And>
              <ogc:PropertyIsEqualTo>
                <ogc:PropertyName>CODE_EUNIS</ogc:PropertyName>
                <ogc:Literal>A5.45_FR01</ogc:Literal>
              </ogc:PropertyIsEqualTo>
              <ogc:And>
                <ogc:Or>
                  <ogc:PropertyIsBetween>
                    <ogc:PropertyName>longueur</ogc:PropertyName>
                    <ogc:LowerBoundary>
                      <ogc:Literal>0</ogc:Literal>
                    </ogc:LowerBoundary>
                    <ogc:UpperBoundary>
                      <ogc:Literal>500</ogc:Literal>
                    </ogc:UpperBoundary>
                  </ogc:PropertyIsBetween>
                  <ogc:PropertyIsBetween>
                    <ogc:PropertyName>longueur</ogc:PropertyName>
                    <ogc:LowerBoundary>
                      <ogc:Literal>500</ogc:Literal>
                    </ogc:LowerBoundary>
                    <ogc:UpperBoundary>
                      <ogc:Literal>5000</ogc:Literal>
                    </ogc:UpperBoundary>
                  </ogc:PropertyIsBetween>
                </ogc:Or>
                <ogc:Or>
                  <ogc:PropertyIsEqualTo>
                    <ogc:PropertyName>departement</ogc:PropertyName>
                    <ogc:Literal>Ain</ogc:Literal>
                  </ogc:PropertyIsEqualTo>
                </ogc:Or>
                <ogc:Or>
                  <ogc:PropertyIsBetween>
                    <ogc:PropertyName>date_renovation</ogc:PropertyName>
                    <ogc:LowerBoundary>
                      <ogc:Literal>2015-07-01</ogc:Literal>
                    </ogc:LowerBoundary>
                    <ogc:UpperBoundary>
                      <ogc:Literal>2015-08-31</ogc:Literal>
                    </ogc:UpperBoundary>
                  </ogc:PropertyIsBetween>
                  <ogc:PropertyIsBetween>
                    <ogc:PropertyName>date_renovation</ogc:PropertyName>
                    <ogc:LowerBoundary>
                      <ogc:Literal>2014-07-01</ogc:Literal>
                    </ogc:LowerBoundary>
                    <ogc:UpperBoundary>
                      <ogc:Literal>2014-08-31</ogc:Literal>
                    </ogc:UpperBoundary>
                  </ogc:PropertyIsBetween>
                </ogc:Or>
              </ogc:And>
            </ogc:And>
          </ogc:Filter>
          <sld:MinScaleDenominator>25000.0</sld:MinScaleDenominator>
          <sld:MaxScaleDenominator>1.0E7</sld:MaxScaleDenominator>
          <sld:PolygonSymbolizer>
            <sld:Fill>
              <sld:CssParameter name="fill">#e69800</sld:CssParameter>
            </sld:Fill>
          </sld:PolygonSymbolizer>
        </sld:Rule>
        <sld:Rule>
          <sld:Name>A5.231, Sable fin à moyen mobile infralittoral à faune éparse à [Abra prismatica et opheliidae]</sld:Name>
          <ogc:Filter>
            <ogc:And>
              <ogc:PropertyIsEqualTo>
                <ogc:PropertyName>CODE_EUNIS</ogc:PropertyName>
                <ogc:Literal>A5.231</ogc:Literal>
              </ogc:PropertyIsEqualTo>
              <ogc:And>
                <ogc:Or>
                  <ogc:PropertyIsBetween>
                    <ogc:PropertyName>longueur</ogc:PropertyName>
                    <ogc:LowerBoundary>
                      <ogc:Literal>0</ogc:Literal>
                    </ogc:LowerBoundary>
                    <ogc:UpperBoundary>
                      <ogc:Literal>500</ogc:Literal>
                    </ogc:UpperBoundary>
                  </ogc:PropertyIsBetween>
                  <ogc:PropertyIsBetween>
                    <ogc:PropertyName>longueur</ogc:PropertyName>
                    <ogc:LowerBoundary>
                      <ogc:Literal>500</ogc:Literal>
                    </ogc:LowerBoundary>
                    <ogc:UpperBoundary>
                      <ogc:Literal>5000</ogc:Literal>
                    </ogc:UpperBoundary>
                  </ogc:PropertyIsBetween>
                </ogc:Or>
                <ogc:Or>
                  <ogc:PropertyIsEqualTo>
                    <ogc:PropertyName>departement</ogc:PropertyName>
                    <ogc:Literal>Ain</ogc:Literal>
                  </ogc:PropertyIsEqualTo>
                </ogc:Or>
                <ogc:Or>
                  <ogc:PropertyIsBetween>
                    <ogc:PropertyName>date_renovation</ogc:PropertyName>
                    <ogc:LowerBoundary>
                      <ogc:Literal>2015-07-01</ogc:Literal>
                    </ogc:LowerBoundary>
                    <ogc:UpperBoundary>
                      <ogc:Literal>2015-08-31</ogc:Literal>
                    </ogc:UpperBoundary>
                  </ogc:PropertyIsBetween>
                  <ogc:PropertyIsBetween>
                    <ogc:PropertyName>date_renovation</ogc:PropertyName>
                    <ogc:LowerBoundary>
                      <ogc:Literal>2014-07-01</ogc:Literal>
                    </ogc:LowerBoundary>
                    <ogc:UpperBoundary>
                      <ogc:Literal>2014-08-31</ogc:Literal>
                    </ogc:UpperBoundary>
                  </ogc:PropertyIsBetween>
                </ogc:Or>
              </ogc:And>
            </ogc:And>
          </ogc:Filter>
          <sld:MinScaleDenominator>25000.0</sld:MinScaleDenominator>
          <sld:MaxScaleDenominator>1.0E7</sld:MaxScaleDenominator>
          <sld:PolygonSymbolizer>
            <sld:Fill>
              <sld:CssParameter name="fill">#ffff73</sld:CssParameter>
            </sld:Fill>
          </sld:PolygonSymbolizer>
        </sld:Rule>
        <sld:Rule>
          <sld:Name>A5.27_FR01, Sable moyen mobile circalittoral profond à [Ditrupa arietina] et [Entalis entalis]</sld:Name>
          <ogc:Filter>
            <ogc:And>
              <ogc:PropertyIsEqualTo>
                <ogc:PropertyName>CODE_EUNIS</ogc:PropertyName>
                <ogc:Literal>A5.27_FR01</ogc:Literal>
              </ogc:PropertyIsEqualTo>
              <ogc:And>
                <ogc:Or>
                  <ogc:PropertyIsBetween>
                    <ogc:PropertyName>longueur</ogc:PropertyName>
                    <ogc:LowerBoundary>
                      <ogc:Literal>0</ogc:Literal>
                    </ogc:LowerBoundary>
                    <ogc:UpperBoundary>
                      <ogc:Literal>500</ogc:Literal>
                    </ogc:UpperBoundary>
                  </ogc:PropertyIsBetween>
                  <ogc:PropertyIsBetween>
                    <ogc:PropertyName>longueur</ogc:PropertyName>
                    <ogc:LowerBoundary>
                      <ogc:Literal>500</ogc:Literal>
                    </ogc:LowerBoundary>
                    <ogc:UpperBoundary>
                      <ogc:Literal>5000</ogc:Literal>
                    </ogc:UpperBoundary>
                  </ogc:PropertyIsBetween>
                </ogc:Or>
                <ogc:Or>
                  <ogc:PropertyIsEqualTo>
                    <ogc:PropertyName>departement</ogc:PropertyName>
                    <ogc:Literal>Ain</ogc:Literal>
                  </ogc:PropertyIsEqualTo>
                </ogc:Or>
                <ogc:Or>
                  <ogc:PropertyIsBetween>
                    <ogc:PropertyName>date_renovation</ogc:PropertyName>
                    <ogc:LowerBoundary>
                      <ogc:Literal>2015-07-01</ogc:Literal>
                    </ogc:LowerBoundary>
                    <ogc:UpperBoundary>
                      <ogc:Literal>2015-08-31</ogc:Literal>
                    </ogc:UpperBoundary>
                  </ogc:PropertyIsBetween>
                  <ogc:PropertyIsBetween>
                    <ogc:PropertyName>date_renovation</ogc:PropertyName>
                    <ogc:LowerBoundary>
                      <ogc:Literal>2014-07-01</ogc:Literal>
                    </ogc:LowerBoundary>
                    <ogc:UpperBoundary>
                      <ogc:Literal>2014-08-31</ogc:Literal>
                    </ogc:UpperBoundary>
                  </ogc:PropertyIsBetween>
                </ogc:Or>
              </ogc:And>
            </ogc:And>
          </ogc:Filter>
          <sld:MinScaleDenominator>25000.0</sld:MinScaleDenominator>
          <sld:MaxScaleDenominator>1.0E7</sld:MaxScaleDenominator>
          <sld:PolygonSymbolizer>
            <sld:Fill>
              <sld:CssParameter name="fill">#ffea00</sld:CssParameter>
            </sld:Fill>
          </sld:PolygonSymbolizer>
        </sld:Rule>
        <sld:Rule>
          <sld:Name>A5.251, Sable fin mobile circalittoral à [Echinocyamus pusillus], [Ophelia borealis] et [Abra prismatica]</sld:Name>
          <ogc:Filter>
            <ogc:And>
              <ogc:PropertyIsEqualTo>
                <ogc:PropertyName>CODE_EUNIS</ogc:PropertyName>
                <ogc:Literal>A5.251</ogc:Literal>
              </ogc:PropertyIsEqualTo>
              <ogc:And>
                <ogc:Or>
                  <ogc:PropertyIsBetween>
                    <ogc:PropertyName>longueur</ogc:PropertyName>
                    <ogc:LowerBoundary>
                      <ogc:Literal>0</ogc:Literal>
                    </ogc:LowerBoundary>
                    <ogc:UpperBoundary>
                      <ogc:Literal>500</ogc:Literal>
                    </ogc:UpperBoundary>
                  </ogc:PropertyIsBetween>
                  <ogc:PropertyIsBetween>
                    <ogc:PropertyName>longueur</ogc:PropertyName>
                    <ogc:LowerBoundary>
                      <ogc:Literal>500</ogc:Literal>
                    </ogc:LowerBoundary>
                    <ogc:UpperBoundary>
                      <ogc:Literal>5000</ogc:Literal>
                    </ogc:UpperBoundary>
                  </ogc:PropertyIsBetween>
                </ogc:Or>
                <ogc:Or>
                  <ogc:PropertyIsEqualTo>
                    <ogc:PropertyName>departement</ogc:PropertyName>
                    <ogc:Literal>Ain</ogc:Literal>
                  </ogc:PropertyIsEqualTo>
                </ogc:Or>
                <ogc:Or>
                  <ogc:PropertyIsBetween>
                    <ogc:PropertyName>date_renovation</ogc:PropertyName>
                    <ogc:LowerBoundary>
                      <ogc:Literal>2015-07-01</ogc:Literal>
                    </ogc:LowerBoundary>
                    <ogc:UpperBoundary>
                      <ogc:Literal>2015-08-31</ogc:Literal>
                    </ogc:UpperBoundary>
                  </ogc:PropertyIsBetween>
                  <ogc:PropertyIsBetween>
                    <ogc:PropertyName>date_renovation</ogc:PropertyName>
                    <ogc:LowerBoundary>
                      <ogc:Literal>2014-07-01</ogc:Literal>
                    </ogc:LowerBoundary>
                    <ogc:UpperBoundary>
                      <ogc:Literal>2014-08-31</ogc:Literal>
                    </ogc:UpperBoundary>
                  </ogc:PropertyIsBetween>
                </ogc:Or>
              </ogc:And>
            </ogc:And>
          </ogc:Filter>
          <sld:MinScaleDenominator>25000.0</sld:MinScaleDenominator>
          <sld:MaxScaleDenominator>1.0E7</sld:MaxScaleDenominator>
          <sld:PolygonSymbolizer>
            <sld:Fill>
              <sld:CssParameter name="fill">#ffff00</sld:CssParameter>
            </sld:Fill>
          </sld:PolygonSymbolizer>
        </sld:Rule>
        <sld:Rule>
          <sld:Name>A5.25_FR01, Sable fin circalittoral à [Chamelea striatula] et [Dosinia lupina]</sld:Name>
          <ogc:Filter>
            <ogc:And>
              <ogc:PropertyIsEqualTo>
                <ogc:PropertyName>CODE_EUNIS</ogc:PropertyName>
                <ogc:Literal>A5.25_FR01</ogc:Literal>
              </ogc:PropertyIsEqualTo>
              <ogc:And>
                <ogc:Or>
                  <ogc:PropertyIsBetween>
                    <ogc:PropertyName>longueur</ogc:PropertyName>
                    <ogc:LowerBoundary>
                      <ogc:Literal>0</ogc:Literal>
                    </ogc:LowerBoundary>
                    <ogc:UpperBoundary>
                      <ogc:Literal>500</ogc:Literal>
                    </ogc:UpperBoundary>
                  </ogc:PropertyIsBetween>
                  <ogc:PropertyIsBetween>
                    <ogc:PropertyName>longueur</ogc:PropertyName>
                    <ogc:LowerBoundary>
                      <ogc:Literal>500</ogc:Literal>
                    </ogc:LowerBoundary>
                    <ogc:UpperBoundary>
                      <ogc:Literal>5000</ogc:Literal>
                    </ogc:UpperBoundary>
                  </ogc:PropertyIsBetween>
                </ogc:Or>
                <ogc:Or>
                  <ogc:PropertyIsEqualTo>
                    <ogc:PropertyName>departement</ogc:PropertyName>
                    <ogc:Literal>Ain</ogc:Literal>
                  </ogc:PropertyIsEqualTo>
                </ogc:Or>
                <ogc:Or>
                  <ogc:PropertyIsBetween>
                    <ogc:PropertyName>date_renovation</ogc:PropertyName>
                    <ogc:LowerBoundary>
                      <ogc:Literal>2015-07-01</ogc:Literal>
                    </ogc:LowerBoundary>
                    <ogc:UpperBoundary>
                      <ogc:Literal>2015-08-31</ogc:Literal>
                    </ogc:UpperBoundary>
                  </ogc:PropertyIsBetween>
                  <ogc:PropertyIsBetween>
                    <ogc:PropertyName>date_renovation</ogc:PropertyName>
                    <ogc:LowerBoundary>
                      <ogc:Literal>2014-07-01</ogc:Literal>
                    </ogc:LowerBoundary>
                    <ogc:UpperBoundary>
                      <ogc:Literal>2014-08-31</ogc:Literal>
                    </ogc:UpperBoundary>
                  </ogc:PropertyIsBetween>
                </ogc:Or>
              </ogc:And>
            </ogc:And>
          </ogc:Filter>
          <sld:MinScaleDenominator>25000.0</sld:MinScaleDenominator>
          <sld:MaxScaleDenominator>1.0E7</sld:MaxScaleDenominator>
          <sld:PolygonSymbolizer>
            <sld:Fill>
              <sld:CssParameter name="fill">#ffffbe</sld:CssParameter>
            </sld:Fill>
          </sld:PolygonSymbolizer>
        </sld:Rule>
        <sld:Rule>
          <sld:Name>A5.242, Sable fin envasé compact de l'infralittoral à [Fabulina fabula], [Magelona mirabilis], bivalves vénéridés et amphipodes</sld:Name>
          <ogc:Filter>
            <ogc:And>
              <ogc:PropertyIsEqualTo>
                <ogc:PropertyName>CODE_EUNIS</ogc:PropertyName>
                <ogc:Literal>A5.242</ogc:Literal>
              </ogc:PropertyIsEqualTo>
              <ogc:And>
                <ogc:Or>
                  <ogc:PropertyIsBetween>
                    <ogc:PropertyName>longueur</ogc:PropertyName>
                    <ogc:LowerBoundary>
                      <ogc:Literal>0</ogc:Literal>
                    </ogc:LowerBoundary>
                    <ogc:UpperBoundary>
                      <ogc:Literal>500</ogc:Literal>
                    </ogc:UpperBoundary>
                  </ogc:PropertyIsBetween>
                  <ogc:PropertyIsBetween>
                    <ogc:PropertyName>longueur</ogc:PropertyName>
                    <ogc:LowerBoundary>
                      <ogc:Literal>500</ogc:Literal>
                    </ogc:LowerBoundary>
                    <ogc:UpperBoundary>
                      <ogc:Literal>5000</ogc:Literal>
                    </ogc:UpperBoundary>
                  </ogc:PropertyIsBetween>
                </ogc:Or>
                <ogc:Or>
                  <ogc:PropertyIsEqualTo>
                    <ogc:PropertyName>departement</ogc:PropertyName>
                    <ogc:Literal>Ain</ogc:Literal>
                  </ogc:PropertyIsEqualTo>
                </ogc:Or>
                <ogc:Or>
                  <ogc:PropertyIsBetween>
                    <ogc:PropertyName>date_renovation</ogc:PropertyName>
                    <ogc:LowerBoundary>
                      <ogc:Literal>2015-07-01</ogc:Literal>
                    </ogc:LowerBoundary>
                    <ogc:UpperBoundary>
                      <ogc:Literal>2015-08-31</ogc:Literal>
                    </ogc:UpperBoundary>
                  </ogc:PropertyIsBetween>
                  <ogc:PropertyIsBetween>
                    <ogc:PropertyName>date_renovation</ogc:PropertyName>
                    <ogc:LowerBoundary>
                      <ogc:Literal>2014-07-01</ogc:Literal>
                    </ogc:LowerBoundary>
                    <ogc:UpperBoundary>
                      <ogc:Literal>2014-08-31</ogc:Literal>
                    </ogc:UpperBoundary>
                  </ogc:PropertyIsBetween>
                </ogc:Or>
              </ogc:And>
            </ogc:And>
          </ogc:Filter>
          <sld:MinScaleDenominator>25000.0</sld:MinScaleDenominator>
          <sld:MaxScaleDenominator>1.0E7</sld:MaxScaleDenominator>
          <sld:PolygonSymbolizer>
            <sld:Fill>
              <sld:CssParameter name="fill">#e0ffc2</sld:CssParameter>
            </sld:Fill>
          </sld:PolygonSymbolizer>
        </sld:Rule>
        <sld:Rule>
          <sld:Name>A5.24_FR01, Sable envasé infralittoral à [Amphiura brachiata] et [Euclymene oerstedii]</sld:Name>
          <ogc:Filter>
            <ogc:And>
              <ogc:PropertyIsEqualTo>
                <ogc:PropertyName>CODE_EUNIS</ogc:PropertyName>
                <ogc:Literal>A5.24_FR01</ogc:Literal>
              </ogc:PropertyIsEqualTo>
              <ogc:And>
                <ogc:Or>
                  <ogc:PropertyIsBetween>
                    <ogc:PropertyName>longueur</ogc:PropertyName>
                    <ogc:LowerBoundary>
                      <ogc:Literal>0</ogc:Literal>
                    </ogc:LowerBoundary>
                    <ogc:UpperBoundary>
                      <ogc:Literal>500</ogc:Literal>
                    </ogc:UpperBoundary>
                  </ogc:PropertyIsBetween>
                  <ogc:PropertyIsBetween>
                    <ogc:PropertyName>longueur</ogc:PropertyName>
                    <ogc:LowerBoundary>
                      <ogc:Literal>500</ogc:Literal>
                    </ogc:LowerBoundary>
                    <ogc:UpperBoundary>
                      <ogc:Literal>5000</ogc:Literal>
                    </ogc:UpperBoundary>
                  </ogc:PropertyIsBetween>
                </ogc:Or>
                <ogc:Or>
                  <ogc:PropertyIsEqualTo>
                    <ogc:PropertyName>departement</ogc:PropertyName>
                    <ogc:Literal>Ain</ogc:Literal>
                  </ogc:PropertyIsEqualTo>
                </ogc:Or>
                <ogc:Or>
                  <ogc:PropertyIsBetween>
                    <ogc:PropertyName>date_renovation</ogc:PropertyName>
                    <ogc:LowerBoundary>
                      <ogc:Literal>2015-07-01</ogc:Literal>
                    </ogc:LowerBoundary>
                    <ogc:UpperBoundary>
                      <ogc:Literal>2015-08-31</ogc:Literal>
                    </ogc:UpperBoundary>
                  </ogc:PropertyIsBetween>
                  <ogc:PropertyIsBetween>
                    <ogc:PropertyName>date_renovation</ogc:PropertyName>
                    <ogc:LowerBoundary>
                      <ogc:Literal>2014-07-01</ogc:Literal>
                    </ogc:LowerBoundary>
                    <ogc:UpperBoundary>
                      <ogc:Literal>2014-08-31</ogc:Literal>
                    </ogc:UpperBoundary>
                  </ogc:PropertyIsBetween>
                </ogc:Or>
              </ogc:And>
            </ogc:And>
          </ogc:Filter>
          <sld:MinScaleDenominator>25000.0</sld:MinScaleDenominator>
          <sld:MaxScaleDenominator>1.0E7</sld:MaxScaleDenominator>
          <sld:PolygonSymbolizer>
            <sld:Fill>
              <sld:CssParameter name="fill">#e6e600</sld:CssParameter>
            </sld:Fill>
          </sld:PolygonSymbolizer>
        </sld:Rule>
        <sld:Rule>
          <sld:Name>A5.26_FR01, Sable fin envasé circalittoral côtier à [Amphiura filiformis] et [Tellina serrata]</sld:Name>
          <ogc:Filter>
            <ogc:And>
              <ogc:PropertyIsEqualTo>
                <ogc:PropertyName>CODE_EUNIS</ogc:PropertyName>
                <ogc:Literal>A5.26_FR01</ogc:Literal>
              </ogc:PropertyIsEqualTo>
              <ogc:And>
                <ogc:Or>
                  <ogc:PropertyIsBetween>
                    <ogc:PropertyName>longueur</ogc:PropertyName>
                    <ogc:LowerBoundary>
                      <ogc:Literal>0</ogc:Literal>
                    </ogc:LowerBoundary>
                    <ogc:UpperBoundary>
                      <ogc:Literal>500</ogc:Literal>
                    </ogc:UpperBoundary>
                  </ogc:PropertyIsBetween>
                  <ogc:PropertyIsBetween>
                    <ogc:PropertyName>longueur</ogc:PropertyName>
                    <ogc:LowerBoundary>
                      <ogc:Literal>500</ogc:Literal>
                    </ogc:LowerBoundary>
                    <ogc:UpperBoundary>
                      <ogc:Literal>5000</ogc:Literal>
                    </ogc:UpperBoundary>
                  </ogc:PropertyIsBetween>
                </ogc:Or>
                <ogc:Or>
                  <ogc:PropertyIsEqualTo>
                    <ogc:PropertyName>departement</ogc:PropertyName>
                    <ogc:Literal>Ain</ogc:Literal>
                  </ogc:PropertyIsEqualTo>
                </ogc:Or>
                <ogc:Or>
                  <ogc:PropertyIsBetween>
                    <ogc:PropertyName>date_renovation</ogc:PropertyName>
                    <ogc:LowerBoundary>
                      <ogc:Literal>2015-07-01</ogc:Literal>
                    </ogc:LowerBoundary>
                    <ogc:UpperBoundary>
                      <ogc:Literal>2015-08-31</ogc:Literal>
                    </ogc:UpperBoundary>
                  </ogc:PropertyIsBetween>
                  <ogc:PropertyIsBetween>
                    <ogc:PropertyName>date_renovation</ogc:PropertyName>
                    <ogc:LowerBoundary>
                      <ogc:Literal>2014-07-01</ogc:Literal>
                    </ogc:LowerBoundary>
                    <ogc:UpperBoundary>
                      <ogc:Literal>2014-08-31</ogc:Literal>
                    </ogc:UpperBoundary>
                  </ogc:PropertyIsBetween>
                </ogc:Or>
              </ogc:And>
            </ogc:And>
          </ogc:Filter>
          <sld:MinScaleDenominator>25000.0</sld:MinScaleDenominator>
          <sld:MaxScaleDenominator>1.0E7</sld:MaxScaleDenominator>
          <sld:PolygonSymbolizer>
            <sld:Fill>
              <sld:CssParameter name="fill">#c9e600</sld:CssParameter>
            </sld:Fill>
          </sld:PolygonSymbolizer>
        </sld:Rule>
        <sld:Rule>
          <sld:Name>A5.27_FR02, Sable fin envasé circalittoral profond à [Amphiura chiajei]</sld:Name>
          <ogc:Filter>
            <ogc:And>
              <ogc:PropertyIsEqualTo>
                <ogc:PropertyName>CODE_EUNIS</ogc:PropertyName>
                <ogc:Literal>A5.27_FR02</ogc:Literal>
              </ogc:PropertyIsEqualTo>
              <ogc:And>
                <ogc:Or>
                  <ogc:PropertyIsBetween>
                    <ogc:PropertyName>longueur</ogc:PropertyName>
                    <ogc:LowerBoundary>
                      <ogc:Literal>0</ogc:Literal>
                    </ogc:LowerBoundary>
                    <ogc:UpperBoundary>
                      <ogc:Literal>500</ogc:Literal>
                    </ogc:UpperBoundary>
                  </ogc:PropertyIsBetween>
                  <ogc:PropertyIsBetween>
                    <ogc:PropertyName>longueur</ogc:PropertyName>
                    <ogc:LowerBoundary>
                      <ogc:Literal>500</ogc:Literal>
                    </ogc:LowerBoundary>
                    <ogc:UpperBoundary>
                      <ogc:Literal>5000</ogc:Literal>
                    </ogc:UpperBoundary>
                  </ogc:PropertyIsBetween>
                </ogc:Or>
                <ogc:Or>
                  <ogc:PropertyIsEqualTo>
                    <ogc:PropertyName>departement</ogc:PropertyName>
                    <ogc:Literal>Ain</ogc:Literal>
                  </ogc:PropertyIsEqualTo>
                </ogc:Or>
                <ogc:Or>
                  <ogc:PropertyIsBetween>
                    <ogc:PropertyName>date_renovation</ogc:PropertyName>
                    <ogc:LowerBoundary>
                      <ogc:Literal>2015-07-01</ogc:Literal>
                    </ogc:LowerBoundary>
                    <ogc:UpperBoundary>
                      <ogc:Literal>2015-08-31</ogc:Literal>
                    </ogc:UpperBoundary>
                  </ogc:PropertyIsBetween>
                  <ogc:PropertyIsBetween>
                    <ogc:PropertyName>date_renovation</ogc:PropertyName>
                    <ogc:LowerBoundary>
                      <ogc:Literal>2014-07-01</ogc:Literal>
                    </ogc:LowerBoundary>
                    <ogc:UpperBoundary>
                      <ogc:Literal>2014-08-31</ogc:Literal>
                    </ogc:UpperBoundary>
                  </ogc:PropertyIsBetween>
                </ogc:Or>
              </ogc:And>
            </ogc:And>
          </ogc:Filter>
          <sld:MinScaleDenominator>25000.0</sld:MinScaleDenominator>
          <sld:MaxScaleDenominator>1.0E7</sld:MaxScaleDenominator>
          <sld:PolygonSymbolizer>
            <sld:Fill>
              <sld:CssParameter name="fill">#a8a800</sld:CssParameter>
            </sld:Fill>
          </sld:PolygonSymbolizer>
        </sld:Rule>
        <sld:Rule>
          <sld:Name>A5.33, Vase sableuse infralittorale</sld:Name>
          <ogc:Filter>
            <ogc:And>
              <ogc:PropertyIsEqualTo>
                <ogc:PropertyName>CODE_EUNIS</ogc:PropertyName>
                <ogc:Literal>A5.33</ogc:Literal>
              </ogc:PropertyIsEqualTo>
              <ogc:And>
                <ogc:Or>
                  <ogc:PropertyIsBetween>
                    <ogc:PropertyName>longueur</ogc:PropertyName>
                    <ogc:LowerBoundary>
                      <ogc:Literal>0</ogc:Literal>
                    </ogc:LowerBoundary>
                    <ogc:UpperBoundary>
                      <ogc:Literal>500</ogc:Literal>
                    </ogc:UpperBoundary>
                  </ogc:PropertyIsBetween>
                  <ogc:PropertyIsBetween>
                    <ogc:PropertyName>longueur</ogc:PropertyName>
                    <ogc:LowerBoundary>
                      <ogc:Literal>500</ogc:Literal>
                    </ogc:LowerBoundary>
                    <ogc:UpperBoundary>
                      <ogc:Literal>5000</ogc:Literal>
                    </ogc:UpperBoundary>
                  </ogc:PropertyIsBetween>
                </ogc:Or>
                <ogc:Or>
                  <ogc:PropertyIsEqualTo>
                    <ogc:PropertyName>departement</ogc:PropertyName>
                    <ogc:Literal>Ain</ogc:Literal>
                  </ogc:PropertyIsEqualTo>
                </ogc:Or>
                <ogc:Or>
                  <ogc:PropertyIsBetween>
                    <ogc:PropertyName>date_renovation</ogc:PropertyName>
                    <ogc:LowerBoundary>
                      <ogc:Literal>2015-07-01</ogc:Literal>
                    </ogc:LowerBoundary>
                    <ogc:UpperBoundary>
                      <ogc:Literal>2015-08-31</ogc:Literal>
                    </ogc:UpperBoundary>
                  </ogc:PropertyIsBetween>
                  <ogc:PropertyIsBetween>
                    <ogc:PropertyName>date_renovation</ogc:PropertyName>
                    <ogc:LowerBoundary>
                      <ogc:Literal>2014-07-01</ogc:Literal>
                    </ogc:LowerBoundary>
                    <ogc:UpperBoundary>
                      <ogc:Literal>2014-08-31</ogc:Literal>
                    </ogc:UpperBoundary>
                  </ogc:PropertyIsBetween>
                </ogc:Or>
              </ogc:And>
            </ogc:And>
          </ogc:Filter>
          <sld:MinScaleDenominator>25000.0</sld:MinScaleDenominator>
          <sld:MaxScaleDenominator>1.0E7</sld:MaxScaleDenominator>
          <sld:PolygonSymbolizer>
            <sld:Fill>
              <sld:CssParameter name="fill">#8f8944</sld:CssParameter>
            </sld:Fill>
          </sld:PolygonSymbolizer>
        </sld:Rule>
        <sld:Rule>
          <sld:Name>A5.333, Vase sableuse infralittorale à [Mysella bidentata] and [Abra] spp.</sld:Name>
          <ogc:Filter>
            <ogc:And>
              <ogc:PropertyIsEqualTo>
                <ogc:PropertyName>CODE_EUNIS</ogc:PropertyName>
                <ogc:Literal>A5.333</ogc:Literal>
              </ogc:PropertyIsEqualTo>
              <ogc:And>
                <ogc:Or>
                  <ogc:PropertyIsBetween>
                    <ogc:PropertyName>longueur</ogc:PropertyName>
                    <ogc:LowerBoundary>
                      <ogc:Literal>0</ogc:Literal>
                    </ogc:LowerBoundary>
                    <ogc:UpperBoundary>
                      <ogc:Literal>500</ogc:Literal>
                    </ogc:UpperBoundary>
                  </ogc:PropertyIsBetween>
                  <ogc:PropertyIsBetween>
                    <ogc:PropertyName>longueur</ogc:PropertyName>
                    <ogc:LowerBoundary>
                      <ogc:Literal>500</ogc:Literal>
                    </ogc:LowerBoundary>
                    <ogc:UpperBoundary>
                      <ogc:Literal>5000</ogc:Literal>
                    </ogc:UpperBoundary>
                  </ogc:PropertyIsBetween>
                </ogc:Or>
                <ogc:Or>
                  <ogc:PropertyIsEqualTo>
                    <ogc:PropertyName>departement</ogc:PropertyName>
                    <ogc:Literal>Ain</ogc:Literal>
                  </ogc:PropertyIsEqualTo>
                </ogc:Or>
                <ogc:Or>
                  <ogc:PropertyIsBetween>
                    <ogc:PropertyName>date_renovation</ogc:PropertyName>
                    <ogc:LowerBoundary>
                      <ogc:Literal>2015-07-01</ogc:Literal>
                    </ogc:LowerBoundary>
                    <ogc:UpperBoundary>
                      <ogc:Literal>2015-08-31</ogc:Literal>
                    </ogc:UpperBoundary>
                  </ogc:PropertyIsBetween>
                  <ogc:PropertyIsBetween>
                    <ogc:PropertyName>date_renovation</ogc:PropertyName>
                    <ogc:LowerBoundary>
                      <ogc:Literal>2014-07-01</ogc:Literal>
                    </ogc:LowerBoundary>
                    <ogc:UpperBoundary>
                      <ogc:Literal>2014-08-31</ogc:Literal>
                    </ogc:UpperBoundary>
                  </ogc:PropertyIsBetween>
                </ogc:Or>
              </ogc:And>
            </ogc:And>
          </ogc:Filter>
          <sld:MinScaleDenominator>25000.0</sld:MinScaleDenominator>
          <sld:MaxScaleDenominator>1.0E7</sld:MaxScaleDenominator>
          <sld:PolygonSymbolizer>
            <sld:Fill>
              <sld:CssParameter name="fill">#8f8944</sld:CssParameter>
            </sld:Fill>
          </sld:PolygonSymbolizer>
        </sld:Rule>
        <sld:Rule>
          <sld:Name>A5.35_FR01, Vase sableuse à [Maldane glebifex] et [Clymene modesta]</sld:Name>
          <ogc:Filter>
            <ogc:And>
              <ogc:PropertyIsEqualTo>
                <ogc:PropertyName>CODE_EUNIS</ogc:PropertyName>
                <ogc:Literal>A5.35_FR01</ogc:Literal>
              </ogc:PropertyIsEqualTo>
              <ogc:And>
                <ogc:Or>
                  <ogc:PropertyIsBetween>
                    <ogc:PropertyName>longueur</ogc:PropertyName>
                    <ogc:LowerBoundary>
                      <ogc:Literal>0</ogc:Literal>
                    </ogc:LowerBoundary>
                    <ogc:UpperBoundary>
                      <ogc:Literal>500</ogc:Literal>
                    </ogc:UpperBoundary>
                  </ogc:PropertyIsBetween>
                  <ogc:PropertyIsBetween>
                    <ogc:PropertyName>longueur</ogc:PropertyName>
                    <ogc:LowerBoundary>
                      <ogc:Literal>500</ogc:Literal>
                    </ogc:LowerBoundary>
                    <ogc:UpperBoundary>
                      <ogc:Literal>5000</ogc:Literal>
                    </ogc:UpperBoundary>
                  </ogc:PropertyIsBetween>
                </ogc:Or>
                <ogc:Or>
                  <ogc:PropertyIsEqualTo>
                    <ogc:PropertyName>departement</ogc:PropertyName>
                    <ogc:Literal>Ain</ogc:Literal>
                  </ogc:PropertyIsEqualTo>
                </ogc:Or>
                <ogc:Or>
                  <ogc:PropertyIsBetween>
                    <ogc:PropertyName>date_renovation</ogc:PropertyName>
                    <ogc:LowerBoundary>
                      <ogc:Literal>2015-07-01</ogc:Literal>
                    </ogc:LowerBoundary>
                    <ogc:UpperBoundary>
                      <ogc:Literal>2015-08-31</ogc:Literal>
                    </ogc:UpperBoundary>
                  </ogc:PropertyIsBetween>
                  <ogc:PropertyIsBetween>
                    <ogc:PropertyName>date_renovation</ogc:PropertyName>
                    <ogc:LowerBoundary>
                      <ogc:Literal>2014-07-01</ogc:Literal>
                    </ogc:LowerBoundary>
                    <ogc:UpperBoundary>
                      <ogc:Literal>2014-08-31</ogc:Literal>
                    </ogc:UpperBoundary>
                  </ogc:PropertyIsBetween>
                </ogc:Or>
              </ogc:And>
            </ogc:And>
          </ogc:Filter>
          <sld:MinScaleDenominator>25000.0</sld:MinScaleDenominator>
          <sld:MaxScaleDenominator>1.0E7</sld:MaxScaleDenominator>
          <sld:PolygonSymbolizer>
            <sld:Fill>
              <sld:CssParameter name="fill">#b88200</sld:CssParameter>
            </sld:Fill>
          </sld:PolygonSymbolizer>
        </sld:Rule>
        <sld:Rule>
          <sld:Name>A5.37_FR01, Vase sableuse circalittorale profonde à [Nucula sulcata] et [Brissopsis lyrifera]</sld:Name>
          <ogc:Filter>
            <ogc:And>
              <ogc:PropertyIsEqualTo>
                <ogc:PropertyName>CODE_EUNIS</ogc:PropertyName>
                <ogc:Literal>A5.37_FR01</ogc:Literal>
              </ogc:PropertyIsEqualTo>
              <ogc:And>
                <ogc:Or>
                  <ogc:PropertyIsBetween>
                    <ogc:PropertyName>longueur</ogc:PropertyName>
                    <ogc:LowerBoundary>
                      <ogc:Literal>0</ogc:Literal>
                    </ogc:LowerBoundary>
                    <ogc:UpperBoundary>
                      <ogc:Literal>500</ogc:Literal>
                    </ogc:UpperBoundary>
                  </ogc:PropertyIsBetween>
                  <ogc:PropertyIsBetween>
                    <ogc:PropertyName>longueur</ogc:PropertyName>
                    <ogc:LowerBoundary>
                      <ogc:Literal>500</ogc:Literal>
                    </ogc:LowerBoundary>
                    <ogc:UpperBoundary>
                      <ogc:Literal>5000</ogc:Literal>
                    </ogc:UpperBoundary>
                  </ogc:PropertyIsBetween>
                </ogc:Or>
                <ogc:Or>
                  <ogc:PropertyIsEqualTo>
                    <ogc:PropertyName>departement</ogc:PropertyName>
                    <ogc:Literal>Ain</ogc:Literal>
                  </ogc:PropertyIsEqualTo>
                </ogc:Or>
                <ogc:Or>
                  <ogc:PropertyIsBetween>
                    <ogc:PropertyName>date_renovation</ogc:PropertyName>
                    <ogc:LowerBoundary>
                      <ogc:Literal>2015-07-01</ogc:Literal>
                    </ogc:LowerBoundary>
                    <ogc:UpperBoundary>
                      <ogc:Literal>2015-08-31</ogc:Literal>
                    </ogc:UpperBoundary>
                  </ogc:PropertyIsBetween>
                  <ogc:PropertyIsBetween>
                    <ogc:PropertyName>date_renovation</ogc:PropertyName>
                    <ogc:LowerBoundary>
                      <ogc:Literal>2014-07-01</ogc:Literal>
                    </ogc:LowerBoundary>
                    <ogc:UpperBoundary>
                      <ogc:Literal>2014-08-31</ogc:Literal>
                    </ogc:UpperBoundary>
                  </ogc:PropertyIsBetween>
                </ogc:Or>
              </ogc:And>
            </ogc:And>
          </ogc:Filter>
          <sld:MinScaleDenominator>25000.0</sld:MinScaleDenominator>
          <sld:MaxScaleDenominator>1.0E7</sld:MaxScaleDenominator>
          <sld:PolygonSymbolizer>
            <sld:Fill>
              <sld:CssParameter name="fill">#734c00</sld:CssParameter>
            </sld:Fill>
          </sld:PolygonSymbolizer>
        </sld:Rule>
        <sld:Rule>
          <sld:Name>A5.34, Vase infralittorale</sld:Name>
          <ogc:Filter>
            <ogc:And>
              <ogc:PropertyIsEqualTo>
                <ogc:PropertyName>CODE_EUNIS</ogc:PropertyName>
                <ogc:Literal>A5.34</ogc:Literal>
              </ogc:PropertyIsEqualTo>
              <ogc:And>
                <ogc:Or>
                  <ogc:PropertyIsBetween>
                    <ogc:PropertyName>longueur</ogc:PropertyName>
                    <ogc:LowerBoundary>
                      <ogc:Literal>0</ogc:Literal>
                    </ogc:LowerBoundary>
                    <ogc:UpperBoundary>
                      <ogc:Literal>500</ogc:Literal>
                    </ogc:UpperBoundary>
                  </ogc:PropertyIsBetween>
                  <ogc:PropertyIsBetween>
                    <ogc:PropertyName>longueur</ogc:PropertyName>
                    <ogc:LowerBoundary>
                      <ogc:Literal>500</ogc:Literal>
                    </ogc:LowerBoundary>
                    <ogc:UpperBoundary>
                      <ogc:Literal>5000</ogc:Literal>
                    </ogc:UpperBoundary>
                  </ogc:PropertyIsBetween>
                </ogc:Or>
                <ogc:Or>
                  <ogc:PropertyIsEqualTo>
                    <ogc:PropertyName>departement</ogc:PropertyName>
                    <ogc:Literal>Ain</ogc:Literal>
                  </ogc:PropertyIsEqualTo>
                </ogc:Or>
                <ogc:Or>
                  <ogc:PropertyIsBetween>
                    <ogc:PropertyName>date_renovation</ogc:PropertyName>
                    <ogc:LowerBoundary>
                      <ogc:Literal>2015-07-01</ogc:Literal>
                    </ogc:LowerBoundary>
                    <ogc:UpperBoundary>
                      <ogc:Literal>2015-08-31</ogc:Literal>
                    </ogc:UpperBoundary>
                  </ogc:PropertyIsBetween>
                  <ogc:PropertyIsBetween>
                    <ogc:PropertyName>date_renovation</ogc:PropertyName>
                    <ogc:LowerBoundary>
                      <ogc:Literal>2014-07-01</ogc:Literal>
                    </ogc:LowerBoundary>
                    <ogc:UpperBoundary>
                      <ogc:Literal>2014-08-31</ogc:Literal>
                    </ogc:UpperBoundary>
                  </ogc:PropertyIsBetween>
                </ogc:Or>
              </ogc:And>
            </ogc:And>
          </ogc:Filter>
          <sld:MinScaleDenominator>25000.0</sld:MinScaleDenominator>
          <sld:MaxScaleDenominator>1.0E7</sld:MaxScaleDenominator>
          <sld:PolygonSymbolizer>
            <sld:Fill>
              <sld:CssParameter name="fill">#38a800</sld:CssParameter>
            </sld:Fill>
          </sld:PolygonSymbolizer>
        </sld:Rule>
        <sld:Rule>
          <sld:Name>A5.34_FR01, Vase infralittorale à [Nucula nitidosa] et [Abra nitida]</sld:Name>
          <ogc:Filter>
            <ogc:And>
              <ogc:PropertyIsEqualTo>
                <ogc:PropertyName>CODE_EUNIS</ogc:PropertyName>
                <ogc:Literal>A5.34_FR01</ogc:Literal>
              </ogc:PropertyIsEqualTo>
              <ogc:And>
                <ogc:Or>
                  <ogc:PropertyIsBetween>
                    <ogc:PropertyName>longueur</ogc:PropertyName>
                    <ogc:LowerBoundary>
                      <ogc:Literal>0</ogc:Literal>
                    </ogc:LowerBoundary>
                    <ogc:UpperBoundary>
                      <ogc:Literal>500</ogc:Literal>
                    </ogc:UpperBoundary>
                  </ogc:PropertyIsBetween>
                  <ogc:PropertyIsBetween>
                    <ogc:PropertyName>longueur</ogc:PropertyName>
                    <ogc:LowerBoundary>
                      <ogc:Literal>500</ogc:Literal>
                    </ogc:LowerBoundary>
                    <ogc:UpperBoundary>
                      <ogc:Literal>5000</ogc:Literal>
                    </ogc:UpperBoundary>
                  </ogc:PropertyIsBetween>
                </ogc:Or>
                <ogc:Or>
                  <ogc:PropertyIsEqualTo>
                    <ogc:PropertyName>departement</ogc:PropertyName>
                    <ogc:Literal>Ain</ogc:Literal>
                  </ogc:PropertyIsEqualTo>
                </ogc:Or>
                <ogc:Or>
                  <ogc:PropertyIsBetween>
                    <ogc:PropertyName>date_renovation</ogc:PropertyName>
                    <ogc:LowerBoundary>
                      <ogc:Literal>2015-07-01</ogc:Literal>
                    </ogc:LowerBoundary>
                    <ogc:UpperBoundary>
                      <ogc:Literal>2015-08-31</ogc:Literal>
                    </ogc:UpperBoundary>
                  </ogc:PropertyIsBetween>
                  <ogc:PropertyIsBetween>
                    <ogc:PropertyName>date_renovation</ogc:PropertyName>
                    <ogc:LowerBoundary>
                      <ogc:Literal>2014-07-01</ogc:Literal>
                    </ogc:LowerBoundary>
                    <ogc:UpperBoundary>
                      <ogc:Literal>2014-08-31</ogc:Literal>
                    </ogc:UpperBoundary>
                  </ogc:PropertyIsBetween>
                </ogc:Or>
              </ogc:And>
            </ogc:And>
          </ogc:Filter>
          <sld:MinScaleDenominator>25000.0</sld:MinScaleDenominator>
          <sld:MaxScaleDenominator>1.0E7</sld:MaxScaleDenominator>
          <sld:PolygonSymbolizer>
            <sld:Fill>
              <sld:CssParameter name="fill">#38a800</sld:CssParameter>
            </sld:Fill>
          </sld:PolygonSymbolizer>
        </sld:Rule>
        <sld:Rule>
          <sld:Name>A5.3, Vase subtidale</sld:Name>
          <ogc:Filter>
            <ogc:And>
              <ogc:PropertyIsEqualTo>
                <ogc:PropertyName>CODE_EUNIS</ogc:PropertyName>
                <ogc:Literal>A5.3</ogc:Literal>
              </ogc:PropertyIsEqualTo>
              <ogc:And>
                <ogc:Or>
                  <ogc:PropertyIsBetween>
                    <ogc:PropertyName>longueur</ogc:PropertyName>
                    <ogc:LowerBoundary>
                      <ogc:Literal>0</ogc:Literal>
                    </ogc:LowerBoundary>
                    <ogc:UpperBoundary>
                      <ogc:Literal>500</ogc:Literal>
                    </ogc:UpperBoundary>
                  </ogc:PropertyIsBetween>
                  <ogc:PropertyIsBetween>
                    <ogc:PropertyName>longueur</ogc:PropertyName>
                    <ogc:LowerBoundary>
                      <ogc:Literal>500</ogc:Literal>
                    </ogc:LowerBoundary>
                    <ogc:UpperBoundary>
                      <ogc:Literal>5000</ogc:Literal>
                    </ogc:UpperBoundary>
                  </ogc:PropertyIsBetween>
                </ogc:Or>
                <ogc:Or>
                  <ogc:PropertyIsEqualTo>
                    <ogc:PropertyName>departement</ogc:PropertyName>
                    <ogc:Literal>Ain</ogc:Literal>
                  </ogc:PropertyIsEqualTo>
                </ogc:Or>
                <ogc:Or>
                  <ogc:PropertyIsBetween>
                    <ogc:PropertyName>date_renovation</ogc:PropertyName>
                    <ogc:LowerBoundary>
                      <ogc:Literal>2015-07-01</ogc:Literal>
                    </ogc:LowerBoundary>
                    <ogc:UpperBoundary>
                      <ogc:Literal>2015-08-31</ogc:Literal>
                    </ogc:UpperBoundary>
                  </ogc:PropertyIsBetween>
                  <ogc:PropertyIsBetween>
                    <ogc:PropertyName>date_renovation</ogc:PropertyName>
                    <ogc:LowerBoundary>
                      <ogc:Literal>2014-07-01</ogc:Literal>
                    </ogc:LowerBoundary>
                    <ogc:UpperBoundary>
                      <ogc:Literal>2014-08-31</ogc:Literal>
                    </ogc:UpperBoundary>
                  </ogc:PropertyIsBetween>
                </ogc:Or>
              </ogc:And>
            </ogc:And>
          </ogc:Filter>
          <sld:MinScaleDenominator>25000.0</sld:MinScaleDenominator>
          <sld:MaxScaleDenominator>1.0E7</sld:MaxScaleDenominator>
          <sld:PolygonSymbolizer>
            <sld:Fill>
              <sld:CssParameter name="fill">#99d594</sld:CssParameter>
            </sld:Fill>
          </sld:PolygonSymbolizer>
        </sld:Rule>
        <sld:Rule>
          <sld:Name>A5.361, Vase circalittorale à pennatules et mégafaune fouisseuse</sld:Name>
          <ogc:Filter>
            <ogc:And>
              <ogc:PropertyIsEqualTo>
                <ogc:PropertyName>CODE_EUNIS</ogc:PropertyName>
                <ogc:Literal>A5.361</ogc:Literal>
              </ogc:PropertyIsEqualTo>
              <ogc:And>
                <ogc:Or>
                  <ogc:PropertyIsBetween>
                    <ogc:PropertyName>longueur</ogc:PropertyName>
                    <ogc:LowerBoundary>
                      <ogc:Literal>0</ogc:Literal>
                    </ogc:LowerBoundary>
                    <ogc:UpperBoundary>
                      <ogc:Literal>500</ogc:Literal>
                    </ogc:UpperBoundary>
                  </ogc:PropertyIsBetween>
                  <ogc:PropertyIsBetween>
                    <ogc:PropertyName>longueur</ogc:PropertyName>
                    <ogc:LowerBoundary>
                      <ogc:Literal>500</ogc:Literal>
                    </ogc:LowerBoundary>
                    <ogc:UpperBoundary>
                      <ogc:Literal>5000</ogc:Literal>
                    </ogc:UpperBoundary>
                  </ogc:PropertyIsBetween>
                </ogc:Or>
                <ogc:Or>
                  <ogc:PropertyIsEqualTo>
                    <ogc:PropertyName>departement</ogc:PropertyName>
                    <ogc:Literal>Ain</ogc:Literal>
                  </ogc:PropertyIsEqualTo>
                </ogc:Or>
                <ogc:Or>
                  <ogc:PropertyIsBetween>
                    <ogc:PropertyName>date_renovation</ogc:PropertyName>
                    <ogc:LowerBoundary>
                      <ogc:Literal>2015-07-01</ogc:Literal>
                    </ogc:LowerBoundary>
                    <ogc:UpperBoundary>
                      <ogc:Literal>2015-08-31</ogc:Literal>
                    </ogc:UpperBoundary>
                  </ogc:PropertyIsBetween>
                  <ogc:PropertyIsBetween>
                    <ogc:PropertyName>date_renovation</ogc:PropertyName>
                    <ogc:LowerBoundary>
                      <ogc:Literal>2014-07-01</ogc:Literal>
                    </ogc:LowerBoundary>
                    <ogc:UpperBoundary>
                      <ogc:Literal>2014-08-31</ogc:Literal>
                    </ogc:UpperBoundary>
                  </ogc:PropertyIsBetween>
                </ogc:Or>
              </ogc:And>
            </ogc:And>
          </ogc:Filter>
          <sld:MinScaleDenominator>25000.0</sld:MinScaleDenominator>
          <sld:MaxScaleDenominator>1.0E7</sld:MaxScaleDenominator>
          <sld:PolygonSymbolizer>
            <sld:Fill>
              <sld:CssParameter name="fill">#267300</sld:CssParameter>
            </sld:Fill>
          </sld:PolygonSymbolizer>
        </sld:Rule>
        <sld:Rule>
          <sld:Name>A5.37_FR02, Vase circalittorale profonde à [Ninoe armoricana]</sld:Name>
          <ogc:Filter>
            <ogc:And>
              <ogc:PropertyIsEqualTo>
                <ogc:PropertyName>CODE_EUNIS</ogc:PropertyName>
                <ogc:Literal>A5.37_FR02</ogc:Literal>
              </ogc:PropertyIsEqualTo>
              <ogc:And>
                <ogc:Or>
                  <ogc:PropertyIsBetween>
                    <ogc:PropertyName>longueur</ogc:PropertyName>
                    <ogc:LowerBoundary>
                      <ogc:Literal>0</ogc:Literal>
                    </ogc:LowerBoundary>
                    <ogc:UpperBoundary>
                      <ogc:Literal>500</ogc:Literal>
                    </ogc:UpperBoundary>
                  </ogc:PropertyIsBetween>
                  <ogc:PropertyIsBetween>
                    <ogc:PropertyName>longueur</ogc:PropertyName>
                    <ogc:LowerBoundary>
                      <ogc:Literal>500</ogc:Literal>
                    </ogc:LowerBoundary>
                    <ogc:UpperBoundary>
                      <ogc:Literal>5000</ogc:Literal>
                    </ogc:UpperBoundary>
                  </ogc:PropertyIsBetween>
                </ogc:Or>
                <ogc:Or>
                  <ogc:PropertyIsEqualTo>
                    <ogc:PropertyName>departement</ogc:PropertyName>
                    <ogc:Literal>Ain</ogc:Literal>
                  </ogc:PropertyIsEqualTo>
                </ogc:Or>
                <ogc:Or>
                  <ogc:PropertyIsBetween>
                    <ogc:PropertyName>date_renovation</ogc:PropertyName>
                    <ogc:LowerBoundary>
                      <ogc:Literal>2015-07-01</ogc:Literal>
                    </ogc:LowerBoundary>
                    <ogc:UpperBoundary>
                      <ogc:Literal>2015-08-31</ogc:Literal>
                    </ogc:UpperBoundary>
                  </ogc:PropertyIsBetween>
                  <ogc:PropertyIsBetween>
                    <ogc:PropertyName>date_renovation</ogc:PropertyName>
                    <ogc:LowerBoundary>
                      <ogc:Literal>2014-07-01</ogc:Literal>
                    </ogc:LowerBoundary>
                    <ogc:UpperBoundary>
                      <ogc:Literal>2014-08-31</ogc:Literal>
                    </ogc:UpperBoundary>
                  </ogc:PropertyIsBetween>
                </ogc:Or>
              </ogc:And>
            </ogc:And>
          </ogc:Filter>
          <sld:MinScaleDenominator>25000.0</sld:MinScaleDenominator>
          <sld:MaxScaleDenominator>1.0E7</sld:MaxScaleDenominator>
          <sld:PolygonSymbolizer>
            <sld:Fill>
              <sld:CssParameter name="fill">#448970</sld:CssParameter>
            </sld:Fill>
          </sld:PolygonSymbolizer>
        </sld:Rule>
      </sld:FeatureTypeStyle>
    </sld:UserStyle>
  </sld:NamedLayer>
</sld:StyledLayerDescriptor>
