<?xml version="1.0" encoding="UTF-8" ?>
<testsuite errors="0" failures="1" hostname="jose-laptop" name="org.fao.geonet.csw.TestCswIsoApp"
           tests="1" time="8.847" timestamp="2010-04-26T11:37:40">
  <properties>
    <property name="java.runtime.name" value="Java(TM) SE Runtime Environment"/>
    <property name="sun.boot.library.path" value="C:\Program Files\Java\jdk1.6.0_18\jre\bin"/>
    <property name="java.vm.version" value="16.0-b13"/>
    <property name="ant.library.dir" value="C:\programs\apache-ant-1.7.1\lib"/>
    <property name="ant.version" value="Apache Ant version 1.7.1 compiled on June 27 2008"/>
    <property name="ant.java.version" value="1.6"/>
    <property name="java.vm.vendor" value="Sun Microsystems Inc."/>
    <property name="java.vendor.url" value="http://java.sun.com/"/>
    <property name="path.separator" value=";"/>
    <property name="java.vm.name" value="Java HotSpot(TM) Client VM"/>
    <property name="file.encoding.pkg" value="sun.io"/>
    <property name="user.country" value="ES"/>
    <property name="sun.java.launcher" value="SUN_STANDARD"/>
    <property name="sun.os.patch.level" value="Service Pack 2"/>
    <property name="java.vm.specification.name" value="Java Virtual Machine Specification"/>
    <property name="user.dir" value="C:\projects\gnTrunk\cswtest"/>
    <property name="java.runtime.version" value="1.6.0_18-b07"/>
    <property name="java.awt.graphicsenv" value="sun.awt.Win32GraphicsEnvironment"/>
    <property name="basedir" value="C:\projects\gnTrunk\cswtest"/>
    <property name="java.endorsed.dirs" value="C:\Program Files\Java\jdk1.6.0_18\jre\lib\endorsed"/>
    <property name="os.arch" value="x86"/>
    <property name="java.io.tmpdir" value="C:\Users\jose\AppData\Local\Temp\"/>
    <property name="ant.core.lib" value="C:\programs\apache-ant-1.7.1\lib\ant.jar"/>
    <property name="line.separator" value="
"/>
    <property name="java.vm.specification.vendor" value="Sun Microsystems Inc."/>
    <property name="user.variant" value=""/>
    <property name="os.name" value="Windows Vista"/>
    <property name="DSTAMP" value="20100426"/>
    <property name="ant.home" value="C:\programs\apache-ant-1.7.1\bin\.."/>
    <property name="ant.project.name" value="test-services"/>
    <property name="sun.jnu.encoding" value="Cp1252"/>
    <property name="TODAY" value="April 26 2010"/>
    <property name="java.library.path"
              value="C:\Program Files\Java\jdk1.6.0_18\jre\bin;.;C:\Windows\Sun\Java\bin;C:\Windows\system32;C:\Windows;C:\Windows\system32;C:\Windows;C:\Windows\System32\Wbem;C:\Program Files\Common Files\Roxio Shared\DLLShared\;C:\Program Files\Common Files\Roxio Shared\DLLShared\;C:\Program Files\Common Files\Roxio Shared\9.0\DLLShared\;c:\Program Files\Microsoft SQL Server\90\Tools\binn\;C:\Program Files\SSH Communications Security\SSH Secure Shell;C:\programs\apache-ant-1.7.1\bin;C:\Program Files\Java\jdk1.6.0_18\bin"/>
    <property name="java.class.version" value="50.0"/>
    <property name="ant.file.test-services" value="C:\projects\gnTrunk\cswtest\build.xml"/>
    <property name="java.specification.name" value="Java Platform API Specification"/>
    <property name="sun.management.compiler" value="HotSpot Client Compiler"/>
    <property name="os.version" value="6.0"/>
    <property name="ant.file" value="C:\projects\gnTrunk\cswtest\build.xml"/>
    <property name="user.home" value="C:\Users\jose"/>
    <property name="user.timezone" value=""/>
    <property name="java.awt.printerjob" value="sun.awt.windows.WPrinterJob"/>
    <property name="file.encoding" value="Cp1252"/>
    <property name="java.specification.version" value="1.6"/>
    <property name="TSTAMP" value="1337"/>
    <property name="java.class.path"
              value="C:\projects\gnTrunk\cswtest\cswtest.jar;C:\projects\gnTrunk\cswtest\resources;C:\projects\gnTrunk\cswtest\lib\ant-1.7.0.jar;C:\projects\gnTrunk\cswtest\lib\commons-fileupload-1.2.jar;C:\projects\gnTrunk\cswtest\lib\commons-io-1.3.2.jar;C:\projects\gnTrunk\cswtest\lib\jing-20030619.jar;C:\projects\gnTrunk\cswtest\lib\joda-time-1.4.jar;C:\projects\gnTrunk\cswtest\lib\junit-4.6.jar;C:\projects\gnTrunk\cswtest\lib\junit-dep-4.6.jar;C:\projects\gnTrunk\cswtest\lib\saxon-6.5.5.jar;C:\projects\gnTrunk\cswtest\lib\saxon9-9.0.0.1.jar;C:\projects\gnTrunk\cswtest\lib\saxon9-dom-9.0.0.1.jar;C:\projects\gnTrunk\cswtest\lib\saxon9-dom.jar;C:\projects\gnTrunk\cswtest\lib\saxon9.jar;C:\projects\gnTrunk\cswtest\lib\teamengine.jar;C:\projects\gnTrunk\cswtest\lib\xercesImpl-2.9.0.jar;C:\programs\apache-ant-1.7.1\lib\ant-launcher.jar;C:\programs\apache-ant-1.7.1\lib\ant.jar;C:\programs\apache-ant-1.7.1\lib\ant-junit.jar"/>
    <property name="user.name" value="jose"/>
    <property name="java.vm.specification.version" value="1.0"/>
    <property name="java.home" value="C:\Program Files\Java\jdk1.6.0_18\jre"/>
    <property name="sun.arch.data.model" value="32"/>
    <property name="java.specification.vendor" value="Sun Microsystems Inc."/>
    <property name="user.language" value="es"/>
    <property name="awt.toolkit" value="sun.awt.windows.WToolkit"/>
    <property name="java.vm.info" value="mixed mode, sharing"/>
    <property name="java.version" value="1.6.0_18"/>
    <property name="java.ext.dirs"
              value="C:\Program Files\Java\jdk1.6.0_18\jre\lib\ext;C:\Windows\Sun\Java\lib\ext"/>
    <property name="sun.boot.class.path"
              value="C:\Program Files\Java\jdk1.6.0_18\jre\lib\resources.jar;C:\Program Files\Java\jdk1.6.0_18\jre\lib\rt.jar;C:\Program Files\Java\jdk1.6.0_18\jre\lib\sunrsasign.jar;C:\Program Files\Java\jdk1.6.0_18\jre\lib\jsse.jar;C:\Program Files\Java\jdk1.6.0_18\jre\lib\jce.jar;C:\Program Files\Java\jdk1.6.0_18\jre\lib\charsets.jar;C:\Program Files\Java\jdk1.6.0_18\jre\classes"/>
    <property name="java.vendor" value="Sun Microsystems Inc."/>
    <property name="file.separator" value="\"/>
    <property name="java.vendor.url.bug" value="http://java.sun.com/cgi-bin/bugreport.cgi"/>
    <property name="sun.cpu.endian" value="little"/>
    <property name="sun.io.unicode.encoding" value="UnicodeLittle"/>
    <property name="gndate" value="2010-04-26T13:37:38+0200"/>
    <property name="sun.desktop" value="windows"/>
    <property name="sun.cpu.isalist"
              value="pentium_pro+mmx pentium_pro pentium+mmx pentium i486 i386 i86"/>
  </properties>
  <testcase classname="org.fao.geonet.csw.TestCswIsoApp" name="testCsw" time="8.263">
    <failure message="expected:&lt;0&gt; but was:&lt;1&gt;"
             type="junit.framework.AssertionFailedError">junit.framework.AssertionFailedError:
      expected:&lt;0&gt; but was:&lt;1&gt;
      at org.fao.geonet.csw.TestCswIsoApp.testCsw(TestCswIsoApp.java:57)
    </failure>
  </testcase>
  <system-out><![CDATA[Testing csw:csw-main (s0001)...
  Assertion: Run the CSW 2.0.2 AP ISO 1.0 compliance tests
  Connection refused: connect
  FAILURE: Did not receive a csw:Capabilities document! Skipping remaining tests.
Test csw:csw-main Failed
Test csw:csw-main (s0001) Failed
]]></system-out>
  <system-err><![CDATA[26-abr-2010 13:37:40 com.occamlab.te.Test <init>
INFO: Initializing main test driver
26-abr-2010 13:37:40 com.occamlab.te.Test <init>
INFO: Using logdir C:\projects\gnTrunk\cswtest\log
26-abr-2010 13:37:41 com.occamlab.te.Test <init>
INFO: Processing source(s) at: C:\projects\gnTrunk\cswtest\resources\com\occamlab\te\scripts
26-abr-2010 13:37:42 com.occamlab.te.Test <init>
INFO: Processing source(s) at: C:\projects\gnTrunk\cswtest\scripts\csw_ap_iso1.0\ctl
]]></system-err>
</testsuite>
